#
# A fatal error has been detected by the Java Runtime Environment:
#
#  SIGSEGV (0xb) at pc=0x00000001022c2406, pid=2259, tid=0x0000000000003303
#
# JRE version: Java(TM) SE Runtime Environment (8.0_111-b14) (build 1.8.0_111-b14)
# Java VM: Java HotSpot(TM) 64-Bit Server VM (25.111-b14 mixed mode bsd-amd64 compressed oops)
# Problematic frame:
# V  [libjvm.dylib+0x2c2406]
#
# Failed to write core dump. Core dumps have been disabled. To enable core dumping, try "ulimit -c unlimited" before starting Java again
#
# If you would like to submit a bug report, please visit:
#   http://bugreport.java.com/bugreport/crash.jsp
#

---------------  T H R E A D  ---------------

Current thread (0x00007fa74600d800):  GCTaskThread [stack: 0x0000700007498000,0x0000700007598000] [id=13059]

siginfo: si_signo: 11 (SIGSEGV), si_code: 0 (unknown), si_addr: 0x0000000000000000

Registers:
RAX=0x000000011d6d5000, RBX=0x00007fa743f0b500, RCX=0x03ffffffe7020000, RDX=0x1fffffff38100000
RSP=0x0000700007597c00, RBP=0x0000700007597c20, RSI=0x000000064bba60ac, RDI=0x00007fa743f0b500
R8 =0x0000000000000177, R9 =0x0000000000002426, R10=0x0000001040004101, R11=0x0000000001000000
R12=0x000000000000000b, R13=0x000000064bba60ac, R14=0x0000000000800000, R15=0x00007fa743f0b500
RIP=0x00000001022c2406, EFLAGS=0x0000000000010206, ERR=0x0000000000000000
  TRAPNO=0x000000000000000d

Top of Stack: (sp=0x0000700007597c00)
0x0000700007597c00:   00000007c001c508 000000064bba6070
0x0000700007597c10:   0000000000000010 00007fa743f0b500
0x0000700007597c20:   0000700007597c90 0000000102479340
0x0000700007597c30:   0000000000000010 00007fa743f0b500
0x0000700007597c40:   0000700007597c70 00000001022c2443
0x0000700007597c50:   0000700007597cc0 00007fa743f0b500
0x0000700007597c60:   00000007c001c0f0 000000064bba6070
0x0000700007597c70:   000000064bba6070 0000000000001800
0x0000700007597c80:   00007fa743f0b500 00000007c001c6f0
0x0000700007597c90:   0000700007597cc0 00000001024786e4
0x0000700007597ca0:   0000000000000000 00007fa743f0b500
0x0000700007597cb0:   00007fa743f0b508 000000010283caa0
0x0000700007597cc0:   0000700007597d50 00000001024bb174
0x0000700007597cd0:   0000000000000400 00007fa743f0b540
0x0000700007597ce0:   00007fa743f0b588 00007fa743f0b5c0
0x0000700007597cf0:   0000000650edd400 0000000600001800
0x0000700007597d00:   000000064bba6070 0000024200000002
0x0000700007597d10:   0000700007597d50 00000001024ae1c1
0x0000700007597d20:   0000448600002c32 0000000000000007
0x0000700007597d30:   0000700007597d80 000000010283caa0
0x0000700007597d40:   00007fa743f0b500 0000700007597d6c
0x0000700007597d50:   0000700007597db0 00000001024ad912
0x0000700007597d60:   00007fa745857360 6c327a7502275613
0x0000700007597d70:   0000000650edd400 0000000000000200
0x0000700007597d80:   0000000000000000 00007fa74600d800
0x0000700007597d90:   0000000000000000 0000000102611670
0x0000700007597da0:   00007fa745857360 0000000000000001
0x0000700007597db0:   0000700007597e90 0000000102275b8b
0x0000700007597dc0:   0000700007597df0 00007fa743e0db50
0x0000700007597dd0:   00007fa743e0db80 00007fa743e0db90
0x0000700007597de0:   00007fa743e0df68 00000000000003d8
0x0000700007597df0:   00007fa74600d800 00007fa743e0df70 

Instructions: (pc=0x00000001022c2406)
0x00000001022c23e6:   10 48 c1 ea 03 48 8d 0d 46 ee 55 00 8a 09 48 d3
0x00000001022c23f6:   ea 48 89 d1 48 83 e1 c0 48 c1 e9 03 48 8b 40 30
0x00000001022c2406:   48 8b 04 08 48 0f a3 d0 72 5d 4c 89 f7 e8 90 6d
0x00000001022c2416:   ee ff 4c 63 f8 48 8d 3d fe d8 62 00 4c 89 f6 4c 

Register to memory mapping:

RAX=0x000000011d6d5000 is an unknown value
RBX=0x00007fa743f0b500 is an unknown value
RCX=0x03ffffffe7020000 is an unknown value
RDX=0x1fffffff38100000 is an unknown value
RSP=0x0000700007597c00 is an unknown value
RBP=0x0000700007597c20 is an unknown value
RSI=0x000000064bba60ac is pointing into object: 0x000000064bba6070
[Ljava.util.HashMap$Node; 
 - klass: 'java/util/HashMap$Node'[]
 - length: 16
RDI=0x00007fa743f0b500 is an unknown value
R8 =0x0000000000000177 is an unknown value
R9 =0x0000000000002426 is an unknown value
R10=0x0000001040004101 is an unknown value
R11=0x0000000001000000 is an unknown value
R12=0x000000000000000b is an unknown value
R13=0x000000064bba60ac is pointing into object: 0x000000064bba6070
[Ljava.util.HashMap$Node; 
 - klass: 'java/util/HashMap$Node'[]
 - length: 16
R14=0x0000000000800000 is an unknown value
R15=0x00007fa743f0b500 is an unknown value


Stack: [0x0000700007498000,0x0000700007598000],  sp=0x0000700007597c00,  free space=1023k
Native frames: (J=compiled Java code, j=interpreted, Vv=VM code, C=native code)
V  [libjvm.dylib+0x2c2406]
V  [libjvm.dylib+0x479340]
V  [libjvm.dylib+0x4786e4]
V  [libjvm.dylib+0x4bb174]
V  [libjvm.dylib+0x4ad912]
V  [libjvm.dylib+0x275b8b]
V  [libjvm.dylib+0x489b0a]
C  [libsystem_pthread.dylib+0x3aab]  _pthread_body+0xb4
C  [libsystem_pthread.dylib+0x39f7]  _pthread_body+0x0
C  [libsystem_pthread.dylib+0x31fd]  thread_start+0xd


---------------  P R O C E S S  ---------------

Java Threads: ( => current thread )
  0x00007fa744002800 JavaThread "Service Thread" daemon [_thread_blocked, id=21251, stack(0x0000700007db3000,0x0000700007eb3000)]
  0x00007fa74400b800 JavaThread "C1 CompilerThread3" daemon [_thread_blocked, id=20739, stack(0x0000700007cb0000,0x0000700007db0000)]
  0x00007fa746053800 JavaThread "C2 CompilerThread2" daemon [_thread_blocked, id=20227, stack(0x0000700007bad000,0x0000700007cad000)]
  0x00007fa74400b000 JavaThread "C2 CompilerThread1" daemon [_thread_blocked, id=19715, stack(0x0000700007aaa000,0x0000700007baa000)]
  0x00007fa744009800 JavaThread "C2 CompilerThread0" daemon [_thread_blocked, id=19203, stack(0x00007000079a7000,0x0000700007aa7000)]
  0x00007fa744008800 JavaThread "Signal Dispatcher" daemon [_thread_blocked, id=18691, stack(0x00007000078a4000,0x00007000079a4000)]
  0x00007fa746035000 JavaThread "Finalizer" daemon [_thread_blocked, id=14595, stack(0x00007000077a1000,0x00007000078a1000)]
  0x00007fa745835000 JavaThread "Reference Handler" daemon [_thread_blocked, id=14083, stack(0x000070000769e000,0x000070000779e000)]
  0x00007fa746000000 JavaThread "main" [_thread_blocked, id=7171, stack(0x0000700006c80000,0x0000700006d80000)]

Other Threads:
  0x00007fa745830000 VMThread [stack: 0x000070000759b000,0x000070000769b000] [id=13571]
  0x00007fa744004000 WatcherThread [stack: 0x0000700007eb6000,0x0000700007fb6000] [id=21763]

=>0x00007fa74600d800 (exited) GCTaskThread [stack: 0x0000700007498000,0x0000700007598000] [id=13059]

VM state:at safepoint (normal execution)

VM Mutex/Monitor currently owned by a thread:  ([mutex/lock_event])
[0x00007fa743c07920] Threads_lock - owner thread: 0x00007fa745830000
[0x00007fa743c07e20] Heap_lock - owner thread: 0x00007fa746000000

Heap:
 PSYoungGen      total 1131008K, used 5093K [0x0000000740000000, 0x000000078d700000, 0x00000007c0000000)
  eden space 1125888K, 0% used [0x0000000740000000,0x0000000740000000,0x0000000784b80000)
  from space 5120K, 99% used [0x0000000784b80000,0x00000007850795b0,0x0000000785080000)
  to   space 65536K, 0% used [0x0000000789700000,0x0000000789700000,0x000000078d700000)
 ParOldGen       total 474112K, used 473304K [0x0000000640000000, 0x000000065cf00000, 0x0000000740000000)
  object space 474112K, 99% used [0x0000000640000000,0x000000065ce360c0,0x000000065cf00000)
 Metaspace       used 2967K, capacity 4664K, committed 4864K, reserved 1056768K
  class space    used 311K, capacity 424K, committed 512K, reserved 1048576K

Card table byte_map: [0x0000000103361000,0x0000000103f62000] byte_map_base: 0x0000000100161000

Marking Bits: (ParMarkBitMap*) 0x00000001028efd20
 Begin Bits: [0x000000011d6d5000, 0x00000001236d5000)
 End Bits:   [0x00000001236d5000, 0x00000001296d5000)

Polling page: 0x0000000100f6a000

CodeCache: size=245760Kb used=2813Kb max_used=2841Kb free=242946Kb
 bounds [0x000000010e6d5000, 0x000000010e9a5000, 0x000000011d6d5000]
 total_blobs=650 nmethods=410 adapters=154
 compilation: enabled

Compilation events (10 events):
Event: 365.357 Thread 0x00007fa74400b000 nmethod 405 0x000000010e949d50 code [0x000000010e949ea0, 0x000000010e949f38]
Event: 365.359 Thread 0x00007fa74400b800 nmethod 407 0x000000010e958f50 code [0x000000010e9593a0, 0x000000010e95bb58]
Event: 365.359 Thread 0x00007fa74400b800  406       2       java.nio.CharBuffer::hasArray (20 bytes)
Event: 365.360 Thread 0x00007fa74400b800 nmethod 406 0x000000010e958c10 code [0x000000010e958d60, 0x000000010e958ef0]
Event: 365.360 Thread 0x00007fa744009800  408 %     4       algorithm.Index_v2.BasicIndex::build @ 84 (188 bytes)
Event: 365.363 Thread 0x00007fa746053800  409 %     4       java.util.AbstractCollection::addAll @ 9 (42 bytes)
Event: 365.367 Thread 0x00007fa74400b000  410       4       algorithm.Index_v2.BasicIndex::findCC (322 bytes)
Event: 365.374 Thread 0x00007fa744009800 nmethod 408% 0x000000010e98ac90 code [0x000000010e98aea0, 0x000000010e98b7c8]
Event: 365.378 Thread 0x00007fa746053800 nmethod 409% 0x000000010e98c290 code [0x000000010e98c4a0, 0x000000010e98ce58]
Event: 365.549 Thread 0x00007fa74400b000 nmethod 410 0x000000010e993710 code [0x000000010e993c20, 0x000000010e9981b0]

GC Heap History (10 events):
Event: 354.008 GC heap after
Heap after GC invocations=128 (full 1):
 PSYoungGen      total 1127936K, used 4347K [0x0000000740000000, 0x0000000785400000, 0x00000007c0000000)
  eden space 1122816K, 0% used [0x0000000740000000,0x0000000740000000,0x0000000784880000)
  from space 5120K, 84% used [0x0000000784880000,0x0000000784cbecb0,0x0000000784d80000)
  to   space 5120K, 0% used [0x0000000784f00000,0x0000000784f00000,0x0000000785400000)
 ParOldGen       total 433664K, used 309069K [0x0000000640000000, 0x000000065a780000, 0x0000000740000000)
  object space 433664K, 71% used [0x0000000640000000,0x0000000652dd3410,0x000000065a780000)
 Metaspace       used 2967K, capacity 4664K, committed 4864K, reserved 1056768K
  class space    used 311K, capacity 424K, committed 512K, reserved 1048576K
}
Event: 357.412 GC heap before
{Heap before GC invocations=129 (full 1):
 PSYoungGen      total 1127936K, used 1127163K [0x0000000740000000, 0x0000000785400000, 0x00000007c0000000)
  eden space 1122816K, 100% used [0x0000000740000000,0x0000000784880000,0x0000000784880000)
  from space 5120K, 84% used [0x0000000784880000,0x0000000784cbecb0,0x0000000784d80000)
  to   space 5120K, 0% used [0x0000000784f00000,0x0000000784f00000,0x0000000785400000)
 ParOldGen       total 433664K, used 309069K [0x0000000640000000, 0x000000065a780000, 0x0000000740000000)
  object space 433664K, 71% used [0x0000000640000000,0x0000000652dd3410,0x000000065a780000)
 Metaspace       used 2967K, capacity 4664K, committed 4864K, reserved 1056768K
  class space    used 311K, capacity 424K, committed 512K, reserved 1048576K
Event: 357.419 GC heap after
Heap after GC invocations=129 (full 1):
 PSYoungGen      total 1129472K, used 4411K [0x0000000740000000, 0x0000000785400000, 0x00000007c0000000)
  eden space 1124352K, 0% used [0x0000000740000000,0x0000000740000000,0x0000000784a00000)
  from space 5120K, 86% used [0x0000000784f00000,0x000000078534ecb0,0x0000000785400000)
  to   space 5120K, 0% used [0x0000000784a00000,0x0000000784a00000,0x0000000784f00000)
 ParOldGen       total 433664K, used 309277K [0x0000000640000000, 0x000000065a780000, 0x0000000740000000)
  object space 433664K, 71% used [0x0000000640000000,0x0000000652e07410,0x000000065a780000)
 Metaspace       used 2967K, capacity 4664K, committed 4864K, reserved 1056768K
  class space    used 311K, capacity 424K, committed 512K, reserved 1048576K
}
Event: 360.838 GC heap before
{Heap before GC invocations=130 (full 1):
 PSYoungGen      total 1129472K, used 1128763K [0x0000000740000000, 0x0000000785400000, 0x00000007c0000000)
  eden space 1124352K, 100% used [0x0000000740000000,0x0000000784a00000,0x0000000784a00000)
  from space 5120K, 86% used [0x0000000784f00000,0x000000078534ecb0,0x0000000785400000)
  to   space 5120K, 0% used [0x0000000784a00000,0x0000000784a00000,0x0000000784f00000)
 ParOldGen       total 433664K, used 309277K [0x0000000640000000, 0x000000065a780000, 0x0000000740000000)
  object space 433664K, 71% used [0x0000000640000000,0x0000000652e07410,0x000000065a780000)
 Metaspace       used 2967K, capacity 4664K, committed 4864K, reserved 1056768K
  class space    used 311K, capacity 424K, committed 512K, reserved 1048576K
Event: 360.844 GC heap after
Heap after GC invocations=130 (full 1):
 PSYoungGen      total 1129472K, used 3967K [0x0000000740000000, 0x0000000785580000, 0x00000007c0000000)
  eden space 1124352K, 0% used [0x0000000740000000,0x0000000740000000,0x0000000784a00000)
  from space 5120K, 77% used [0x0000000784a00000,0x0000000784ddff38,0x0000000784f00000)
  to   space 5120K, 0% used [0x0000000785080000,0x0000000785080000,0x0000000785580000)
 ParOldGen       total 433664K, used 309493K [0x0000000640000000, 0x000000065a780000, 0x0000000740000000)
  object space 433664K, 71% used [0x0000000640000000,0x0000000652e3d410,0x000000065a780000)
 Metaspace       used 2967K, capacity 4664K, committed 4864K, reserved 1056768K
  class space    used 311K, capacity 424K, committed 512K, reserved 1048576K
}
Event: 364.290 GC heap before
{Heap before GC invocations=131 (full 1):
 PSYoungGen      total 1129472K, used 1128319K [0x0000000740000000, 0x0000000785580000, 0x00000007c0000000)
  eden space 1124352K, 100% used [0x0000000740000000,0x0000000784a00000,0x0000000784a00000)
  from space 5120K, 77% used [0x0000000784a00000,0x0000000784ddff38,0x0000000784f00000)
  to   space 5120K, 0% used [0x0000000785080000,0x0000000785080000,0x0000000785580000)
 ParOldGen       total 433664K, used 309493K [0x0000000640000000, 0x000000065a780000, 0x0000000740000000)
  object space 433664K, 71% used [0x0000000640000000,0x0000000652e3d410,0x000000065a780000)
 Metaspace       used 2967K, capacity 4664K, committed 4864K, reserved 1056768K
  class space    used 311K, capacity 424K, committed 512K, reserved 1048576K
Event: 364.297 GC heap after
Heap after GC invocations=131 (full 1):
 PSYoungGen      total 1131008K, used 4031K [0x0000000740000000, 0x0000000785580000, 0x00000007c0000000)
  eden space 1125888K, 0% used [0x0000000740000000,0x0000000740000000,0x0000000784b80000)
  from space 5120K, 78% used [0x0000000785080000,0x000000078546ff38,0x0000000785580000)
  to   space 5120K, 0% used [0x0000000784b80000,0x0000000784b80000,0x0000000785080000)
 ParOldGen       total 433664K, used 309693K [0x0000000640000000, 0x000000065a780000, 0x0000000740000000)
  object space 433664K, 71% used [0x0000000640000000,0x0000000652e6f410,0x000000065a780000)
 Metaspace       used 2967K, capacity 4664K, committed 4864K, reserved 1056768K
  class space    used 311K, capacity 424K, committed 512K, reserved 1048576K
}
Event: 366.202 GC heap before
{Heap before GC invocations=132 (full 1):
 PSYoungGen      total 1131008K, used 1129919K [0x0000000740000000, 0x0000000785580000, 0x00000007c0000000)
  eden space 1125888K, 100% used [0x0000000740000000,0x0000000784b80000,0x0000000784b80000)
  from space 5120K, 78% used [0x0000000785080000,0x000000078546ff38,0x0000000785580000)
  to   space 5120K, 0% used [0x0000000784b80000,0x0000000784b80000,0x0000000785080000)
 ParOldGen       total 433664K, used 309693K [0x0000000640000000, 0x000000065a780000, 0x0000000740000000)
  object space 433664K, 71% used [0x0000000640000000,0x0000000652e6f410,0x000000065a780000)
 Metaspace       used 2967K, capacity 4664K, committed 4864K, reserved 1056768K
  class space    used 311K, capacity 424K, committed 512K, reserved 1048576K
Event: 366.335 GC heap after
Heap after GC invocations=132 (full 1):
 PSYoungGen      total 1131008K, used 5093K [0x0000000740000000, 0x000000078d700000, 0x00000007c0000000)
  eden space 1125888K, 0% used [0x0000000740000000,0x0000000740000000,0x0000000784b80000)
  from space 5120K, 99% used [0x0000000784b80000,0x00000007850795b0,0x0000000785080000)
  to   space 65536K, 0% used [0x0000000789700000,0x0000000789700000,0x000000078d700000)
 ParOldGen       total 474112K, used 473304K [0x0000000640000000, 0x000000065cf00000, 0x0000000740000000)
  object space 474112K, 99% used [0x0000000640000000,0x000000065ce360c0,0x000000065cf00000)
 Metaspace       used 2967K, capacity 4664K, committed 4864K, reserved 1056768K
  class space    used 311K, capacity 424K, committed 512K, reserved 1048576K
}
Event: 366.335 GC heap before
{Heap before GC invocations=133 (full 2):
 PSYoungGen      total 1131008K, used 5093K [0x0000000740000000, 0x000000078d700000, 0x00000007c0000000)
  eden space 1125888K, 0% used [0x0000000740000000,0x0000000740000000,0x0000000784b80000)
  from space 5120K, 99% used [0x0000000784b80000,0x00000007850795b0,0x0000000785080000)
  to   space 65536K, 0% used [0x0000000789700000,0x0000000789700000,0x000000078d700000)
 ParOldGen       total 474112K, used 473304K [0x0000000640000000, 0x000000065cf00000, 0x0000000740000000)
  object space 474112K, 99% used [0x0000000640000000,0x000000065ce360c0,0x000000065cf00000)
 Metaspace       used 2967K, capacity 4664K, committed 4864K, reserved 1056768K
  class space    used 311K, capacity 424K, committed 512K, reserved 1048576K

Deoptimization events (10 events):
Event: 0.858 Thread 0x00007fa746000000 Uncommon trap: reason=unstable_if action=reinterpret pc=0x000000010e8d5498 method=java.util.HashMap$HashIterator.nextNode()Ljava/util/HashMap$Node; @ 53
Event: 0.858 Thread 0x00007fa746000000 Uncommon trap: reason=unstable_if action=reinterpret pc=0x000000010e8cad98 method=java.util.HashMap$HashIterator.nextNode()Ljava/util/HashMap$Node; @ 53
Event: 1.258 Thread 0x00007fa746000000 Uncommon trap: reason=unstable_if action=reinterpret pc=0x000000010e93f078 method=algorithm.Index_v2.KWTree.insert([IILjava/util/Map;Ljava/util/Map;)V @ 14
Event: 1.699 Thread 0x00007fa746000000 Uncommon trap: reason=unstable_if action=reinterpret pc=0x000000010e9678b0 method=algorithm.Index_v2.BasicIndex.buildKIndex(Ljava/util/Set;I)V @ 242
Event: 1.699 Thread 0x00007fa746000000 Uncommon trap: reason=unstable_if action=reinterpret pc=0x000000010e936f80 method=java.util.LinkedList$ListItr.<init>(Ljava/util/LinkedList;I)V @ 26
Event: 1.699 Thread 0x00007fa746000000 Uncommon trap: reason=unstable_if action=reinterpret pc=0x000000010e939804 method=java.util.LinkedList$ListItr.<init>(Ljava/util/LinkedList;I)V @ 26
Event: 365.357 Thread 0x00007fa746000000 Uncommon trap: reason=unstable_if action=reinterpret pc=0x000000010e95d604 method=algorithm.Index_v2.BasicIndex.buildKIndex(Ljava/util/Set;I)V @ 295
Event: 365.366 Thread 0x00007fa746000000 Uncommon trap: reason=unstable_if action=reinterpret pc=0x000000010e93a674 method=java.util.HashMap.keySet()Ljava/util/Set; @ 6
Event: 365.367 Thread 0x00007fa746000000 Uncommon trap: reason=unstable_if action=reinterpret pc=0x000000010e8f8be0 method=algorithm.Index_v2.BasicIndex.findCC(Ljava/util/Set;I)Ljava/util/List; @ 212
Event: 365.408 Thread 0x00007fa746000000 Uncommon trap: reason=unstable_if action=reinterpret pc=0x000000010e91c68c method=algorithm.Index_v2.BasicIndex.findCC(Ljava/util/Set;I)Ljava/util/List; @ 317

Internal exceptions (10 events):
Event: 0.082 Thread 0x00007fa746000000 Exception <a 'java/security/PrivilegedActionException'> (0x00000007400a8468) thrown at [/Users/java_re/workspace/8-2-build-macosx-x86_64/jdk8u111/7883/hotspot/src/share/vm/prims/jvm.cpp, line 1386]
Event: 0.082 Thread 0x00007fa746000000 Exception <a 'java/security/PrivilegedActionException'> (0x00000007400a8678) thrown at [/Users/java_re/workspace/8-2-build-macosx-x86_64/jdk8u111/7883/hotspot/src/share/vm/prims/jvm.cpp, line 1386]
Event: 0.083 Thread 0x00007fa746000000 Exception <a 'java/util/zip/ZipException'> (0x00000007400ba010) thrown at [/Users/java_re/workspace/8-2-build-macosx-x86_64/jdk8u111/7883/hotspot/src/share/vm/prims/jni.cpp, line 709]
Event: 0.083 Thread 0x00007fa746000000 Exception <a 'java/security/PrivilegedActionException'> (0x00000007400ba218) thrown at [/Users/java_re/workspace/8-2-build-macosx-x86_64/jdk8u111/7883/hotspot/src/share/vm/prims/jvm.cpp, line 1386]
Event: 0.083 Thread 0x00007fa746000000 Exception <a 'java/security/PrivilegedActionException'> (0x00000007400ba428) thrown at [/Users/java_re/workspace/8-2-build-macosx-x86_64/jdk8u111/7883/hotspot/src/share/vm/prims/jvm.cpp, line 1386]
Event: 0.627 Thread 0x00007fa746000000 Implicit null exception at 0x000000010e879670 to 0x000000010e87ae69
Event: 0.825 Thread 0x00007fa746000000 Implicit null exception at 0x000000010e8d663d to 0x000000010e8d6675
Event: 0.825 Thread 0x00007fa746000000 Implicit null exception at 0x000000010e8d6319 to 0x000000010e8d6359
Event: 0.825 Thread 0x00007fa746000000 Implicit null exception at 0x000000010e8d3266 to 0x000000010e8d32a9
Event: 1.258 Thread 0x00007fa746000000 Implicit null exception at 0x000000010e93b206 to 0x000000010e93f05d

Events (10 events):
Event: 365.366 Thread 0x00007fa746000000 DEOPT UNPACKING pc=0x000000010e6da229 sp=0x0000700006d7f3f0 mode 2
Event: 365.367 Thread 0x00007fa746000000 DEOPT PACKING pc=0x000000010e8e65fa sp=0x0000700006d7f4c0
Event: 365.367 Thread 0x00007fa746000000 DEOPT UNPACKING pc=0x000000010e71c633 sp=0x0000700006d7f2b0 mode 0
Event: 365.367 Thread 0x00007fa746000000 Uncommon trap: trap_request=0xffffff65 fr.pc=0x000000010e8f8be0
Event: 365.367 Thread 0x00007fa746000000 DEOPT PACKING pc=0x000000010e8f8be0 sp=0x0000700006d7f550
Event: 365.367 Thread 0x00007fa746000000 DEOPT UNPACKING pc=0x000000010e6da229 sp=0x0000700006d7f540 mode 2
Event: 365.408 Thread 0x00007fa746000000 Uncommon trap: trap_request=0xffffff65 fr.pc=0x000000010e91c68c
Event: 365.408 Thread 0x00007fa746000000 DEOPT PACKING pc=0x000000010e91c68c sp=0x0000700006d7f520
Event: 365.408 Thread 0x00007fa746000000 DEOPT UNPACKING pc=0x000000010e6da229 sp=0x0000700006d7f548 mode 2
Event: 366.202 Executing VM operation: ParallelGCFailedAllocation


Dynamic libraries:
0x0000000029f00000 	/System/Library/Frameworks/Cocoa.framework/Versions/A/Cocoa
0x0000000029f00000 	/System/Library/Frameworks/Security.framework/Versions/A/Security
0x0000000029f00000 	/System/Library/Frameworks/ApplicationServices.framework/Versions/A/ApplicationServices
0x0000000029f00000 	/usr/lib/libz.1.dylib
0x0000000029f00000 	/usr/lib/libSystem.B.dylib
0x0000000029f00000 	/usr/lib/libobjc.A.dylib
0x0000000029f00000 	/System/Library/Frameworks/CoreFoundation.framework/Versions/A/CoreFoundation
0x0000000029f00000 	/System/Library/Frameworks/Foundation.framework/Versions/C/Foundation
0x0000000029f00000 	/System/Library/Frameworks/AppKit.framework/Versions/C/AppKit
0x0000000029f00000 	/System/Library/Frameworks/CoreData.framework/Versions/A/CoreData
0x0000000029f00000 	/System/Library/PrivateFrameworks/RemoteViewServices.framework/Versions/A/RemoteViewServices
0x0000000029f00000 	/System/Library/PrivateFrameworks/UIFoundation.framework/Versions/A/UIFoundation
0x0000000029f00000 	/System/Library/PrivateFrameworks/DFRFoundation.framework/Versions/A/DFRFoundation
0x0000000029f00000 	/usr/lib/libenergytrace.dylib
0x0000000029f00000 	/System/Library/PrivateFrameworks/SkyLight.framework/Versions/A/SkyLight
0x0000000029f00000 	/System/Library/Frameworks/CoreGraphics.framework/Versions/A/CoreGraphics
0x0000000029f00000 	/usr/lib/libScreenReader.dylib
0x0000000029f00000 	/System/Library/Frameworks/Accelerate.framework/Versions/A/Accelerate
0x0000000029f00000 	/System/Library/Frameworks/IOSurface.framework/Versions/A/IOSurface
0x0000000029f00000 	/System/Library/Frameworks/AudioToolbox.framework/Versions/A/AudioToolbox
0x0000000029f00000 	/System/Library/Frameworks/AudioUnit.framework/Versions/A/AudioUnit
0x0000000029f00000 	/System/Library/PrivateFrameworks/DataDetectorsCore.framework/Versions/A/DataDetectorsCore
0x0000000029f00000 	/System/Library/PrivateFrameworks/DesktopServicesPriv.framework/Versions/A/DesktopServicesPriv
0x0000000029f00000 	/System/Library/Frameworks/Carbon.framework/Versions/A/Frameworks/HIToolbox.framework/Versions/A/HIToolbox
0x0000000029f00000 	/usr/lib/libicucore.A.dylib
0x0000000029f00000 	/System/Library/Frameworks/QuartzCore.framework/Versions/A/QuartzCore
0x0000000029f00000 	/System/Library/Frameworks/Carbon.framework/Versions/A/Frameworks/SpeechRecognition.framework/Versions/A/SpeechRecognition
0x0000000029f00000 	/usr/lib/libauto.dylib
0x0000000029f00000 	/usr/lib/libxml2.2.dylib
0x0000000029f00000 	/System/Library/PrivateFrameworks/CoreUI.framework/Versions/A/CoreUI
0x0000000029f00000 	/System/Library/Frameworks/CoreAudio.framework/Versions/A/CoreAudio
0x0000000029f00000 	/System/Library/Frameworks/DiskArbitration.framework/Versions/A/DiskArbitration
0x0000000029f00000 	/usr/lib/liblangid.dylib
0x0000000029f00000 	/System/Library/PrivateFrameworks/MultitouchSupport.framework/Versions/A/MultitouchSupport
0x0000000029f00000 	/System/Library/Frameworks/IOKit.framework/Versions/A/IOKit
0x0000000029f00000 	/usr/lib/libDiagnosticMessagesClient.dylib
0x0000000029f00000 	/System/Library/Frameworks/CoreServices.framework/Versions/A/CoreServices
0x0000000029f00000 	/System/Library/PrivateFrameworks/PerformanceAnalysis.framework/Versions/A/PerformanceAnalysis
0x0000000029f00000 	/System/Library/PrivateFrameworks/GenerationalStorage.framework/Versions/A/GenerationalStorage
0x0000000029f00000 	/System/Library/Frameworks/OpenGL.framework/Versions/A/OpenGL
0x0000000029f00000 	/System/Library/Frameworks/CoreImage.framework/Versions/A/CoreImage
0x0000000029f00000 	/System/Library/Frameworks/CoreText.framework/Versions/A/CoreText
0x0000000029f00000 	/System/Library/Frameworks/ImageIO.framework/Versions/A/ImageIO
0x0000000029f00000 	/System/Library/PrivateFrameworks/Backup.framework/Versions/A/Backup
0x0000000029f00000 	/usr/lib/libarchive.2.dylib
0x0000000029f00000 	/System/Library/Frameworks/CFNetwork.framework/Versions/A/CFNetwork
0x0000000029f00000 	/System/Library/Frameworks/SystemConfiguration.framework/Versions/A/SystemConfiguration
0x0000000029f00000 	/usr/lib/libCRFSuite.dylib
0x0000000029f00000 	/usr/lib/libc++.1.dylib
0x0000000029f00000 	/usr/lib/libc++abi.dylib
0x0000000029f00000 	/usr/lib/system/libcache.dylib
0x0000000029f00000 	/usr/lib/system/libcommonCrypto.dylib
0x0000000029f00000 	/usr/lib/system/libcompiler_rt.dylib
0x0000000029f00000 	/usr/lib/system/libcopyfile.dylib
0x0000000029f00000 	/usr/lib/system/libcorecrypto.dylib
0x0000000029f00000 	/usr/lib/system/libdispatch.dylib
0x0000000029f00000 	/usr/lib/system/libdyld.dylib
0x0000000029f00000 	/usr/lib/system/libkeymgr.dylib
0x0000000029f00000 	/usr/lib/system/liblaunch.dylib
0x0000000029f00000 	/usr/lib/system/libmacho.dylib
0x0000000029f00000 	/usr/lib/system/libquarantine.dylib
0x0000000029f00000 	/usr/lib/system/libremovefile.dylib
0x0000000029f00000 	/usr/lib/system/libsystem_asl.dylib
0x0000000029f00000 	/usr/lib/system/libsystem_blocks.dylib
0x0000000029f00000 	/usr/lib/system/libsystem_c.dylib
0x0000000029f00000 	/usr/lib/system/libsystem_configuration.dylib
0x0000000029f00000 	/usr/lib/system/libsystem_coreservices.dylib
0x0000000029f00000 	/usr/lib/system/libsystem_coretls.dylib
0x0000000029f00000 	/usr/lib/system/libsystem_dnssd.dylib
0x0000000029f00000 	/usr/lib/system/libsystem_info.dylib
0x0000000029f00000 	/usr/lib/system/libsystem_kernel.dylib
0x0000000029f00000 	/usr/lib/system/libsystem_m.dylib
0x0000000029f00000 	/usr/lib/system/libsystem_malloc.dylib
0x0000000029f00000 	/usr/lib/system/libsystem_network.dylib
0x0000000029f00000 	/usr/lib/system/libsystem_networkextension.dylib
0x0000000029f00000 	/usr/lib/system/libsystem_notify.dylib
0x0000000029f00000 	/usr/lib/system/libsystem_platform.dylib
0x0000000029f00000 	/usr/lib/system/libsystem_pthread.dylib
0x0000000029f00000 	/usr/lib/system/libsystem_sandbox.dylib
0x0000000029f00000 	/usr/lib/system/libsystem_secinit.dylib
0x0000000029f00000 	/usr/lib/system/libsystem_symptoms.dylib
0x0000000029f00000 	/usr/lib/system/libsystem_trace.dylib
0x0000000029f00000 	/usr/lib/system/libunwind.dylib
0x0000000029f00000 	/usr/lib/system/libxpc.dylib
0x0000000029f00000 	/usr/lib/libbsm.0.dylib
0x0000000029f00000 	/usr/lib/system/libkxld.dylib
0x0000000029f00000 	/usr/lib/libcoretls.dylib
0x0000000029f00000 	/usr/lib/libcoretls_cfhelpers.dylib
0x0000000029f00000 	/usr/lib/libxar.1.dylib
0x0000000029f00000 	/usr/lib/libsqlite3.dylib
0x0000000029f00000 	/usr/lib/libpam.2.dylib
0x0000000029f00000 	/usr/lib/libOpenScriptingUtil.dylib
0x0000000029f00000 	/usr/lib/libbz2.1.0.dylib
0x0000000029f00000 	/usr/lib/liblzma.5.dylib
0x0000000029f00000 	/usr/lib/libnetwork.dylib
0x0000000029f00000 	/usr/lib/libpcap.A.dylib
0x0000000029f00000 	/System/Library/Frameworks/CoreServices.framework/Versions/A/Frameworks/FSEvents.framework/Versions/A/FSEvents
0x0000000029f00000 	/System/Library/Frameworks/CoreServices.framework/Versions/A/Frameworks/CarbonCore.framework/Versions/A/CarbonCore
0x0000000029f00000 	/System/Library/Frameworks/CoreServices.framework/Versions/A/Frameworks/Metadata.framework/Versions/A/Metadata
0x0000000029f00000 	/System/Library/Frameworks/CoreServices.framework/Versions/A/Frameworks/OSServices.framework/Versions/A/OSServices
0x0000000029f00000 	/System/Library/Frameworks/CoreServices.framework/Versions/A/Frameworks/SearchKit.framework/Versions/A/SearchKit
0x0000000029f00000 	/System/Library/Frameworks/CoreServices.framework/Versions/A/Frameworks/AE.framework/Versions/A/AE
0x0000000029f00000 	/System/Library/Frameworks/CoreServices.framework/Versions/A/Frameworks/LaunchServices.framework/Versions/A/LaunchServices
0x0000000029f00000 	/System/Library/Frameworks/CoreServices.framework/Versions/A/Frameworks/DictionaryServices.framework/Versions/A/DictionaryServices
0x0000000029f00000 	/System/Library/Frameworks/CoreServices.framework/Versions/A/Frameworks/SharedFileList.framework/Versions/A/SharedFileList
0x0000000029f00000 	/System/Library/Frameworks/NetFS.framework/Versions/A/NetFS
0x0000000029f00000 	/System/Library/PrivateFrameworks/NetAuth.framework/Versions/A/NetAuth
0x0000000029f00000 	/System/Library/PrivateFrameworks/login.framework/Versions/A/Frameworks/loginsupport.framework/Versions/A/loginsupport
0x0000000029f00000 	/System/Library/PrivateFrameworks/TCC.framework/Versions/A/TCC
0x0000000029f00000 	/usr/lib/libmecabra.dylib
0x0000000029f00000 	/System/Library/Frameworks/ApplicationServices.framework/Versions/A/Frameworks/ATS.framework/Versions/A/ATS
0x0000000029f00000 	/System/Library/Frameworks/ApplicationServices.framework/Versions/A/Frameworks/ColorSync.framework/Versions/A/ColorSync
0x0000000029f00000 	/System/Library/Frameworks/ApplicationServices.framework/Versions/A/Frameworks/HIServices.framework/Versions/A/HIServices
0x0000000029f00000 	/System/Library/Frameworks/ApplicationServices.framework/Versions/A/Frameworks/LangAnalysis.framework/Versions/A/LangAnalysis
0x0000000029f00000 	/System/Library/Frameworks/ApplicationServices.framework/Versions/A/Frameworks/PrintCore.framework/Versions/A/PrintCore
0x0000000029f00000 	/System/Library/Frameworks/ApplicationServices.framework/Versions/A/Frameworks/QD.framework/Versions/A/QD
0x0000000029f00000 	/System/Library/Frameworks/ApplicationServices.framework/Versions/A/Frameworks/SpeechSynthesis.framework/Versions/A/SpeechSynthesis
0x0000000029f00000 	/System/Library/Frameworks/Accelerate.framework/Versions/A/Frameworks/vImage.framework/Versions/A/vImage
0x0000000029f00000 	/System/Library/Frameworks/Accelerate.framework/Versions/A/Frameworks/vecLib.framework/Versions/A/vecLib
0x0000000029f00000 	/System/Library/Frameworks/Accelerate.framework/Versions/A/Frameworks/vecLib.framework/Versions/A/libvDSP.dylib
0x0000000029f00000 	/System/Library/Frameworks/Accelerate.framework/Versions/A/Frameworks/vecLib.framework/Versions/A/libBNNS.dylib
0x0000000029f00000 	/System/Library/Frameworks/Accelerate.framework/Versions/A/Frameworks/vecLib.framework/Versions/A/libQuadrature.dylib
0x0000000029f00000 	/System/Library/Frameworks/Accelerate.framework/Versions/A/Frameworks/vecLib.framework/Versions/A/libvMisc.dylib
0x0000000029f00000 	/System/Library/Frameworks/Accelerate.framework/Versions/A/Frameworks/vecLib.framework/Versions/A/libLAPACK.dylib
0x0000000029f00000 	/System/Library/Frameworks/Accelerate.framework/Versions/A/Frameworks/vecLib.framework/Versions/A/libBLAS.dylib
0x0000000029f00000 	/System/Library/Frameworks/Accelerate.framework/Versions/A/Frameworks/vecLib.framework/Versions/A/libLinearAlgebra.dylib
0x0000000029f00000 	/System/Library/Frameworks/Accelerate.framework/Versions/A/Frameworks/vecLib.framework/Versions/A/libSparseBLAS.dylib
0x0000000029f00000 	/System/Library/Frameworks/ApplicationServices.framework/Versions/A/Frameworks/ATS.framework/Versions/A/Resources/libFontParser.dylib
0x0000000029f00000 	/System/Library/Frameworks/ApplicationServices.framework/Versions/A/Frameworks/ATS.framework/Versions/A/Resources/libFontRegistry.dylib
0x0000000029f00000 	/System/Library/Frameworks/ImageIO.framework/Versions/A/Resources/libJPEG.dylib
0x0000000029f00000 	/System/Library/Frameworks/ImageIO.framework/Versions/A/Resources/libTIFF.dylib
0x0000000029f00000 	/System/Library/Frameworks/ImageIO.framework/Versions/A/Resources/libPng.dylib
0x0000000029f00000 	/System/Library/Frameworks/ImageIO.framework/Versions/A/Resources/libGIF.dylib
0x0000000029f00000 	/System/Library/Frameworks/ImageIO.framework/Versions/A/Resources/libJP2.dylib
0x0000000029f00000 	/System/Library/Frameworks/ImageIO.framework/Versions/A/Resources/libRadiance.dylib
0x0000000029f00000 	/usr/lib/libcompression.dylib
0x0000000029f00000 	/System/Library/PrivateFrameworks/AppleJPEG.framework/Versions/A/AppleJPEG
0x0000000029f00000 	/usr/lib/libcups.2.dylib
0x0000000029f00000 	/System/Library/Frameworks/Kerberos.framework/Versions/A/Kerberos
0x0000000029f00000 	/System/Library/Frameworks/GSS.framework/Versions/A/GSS
0x0000000029f00000 	/usr/lib/libresolv.9.dylib
0x0000000029f00000 	/usr/lib/libiconv.2.dylib
0x0000000029f00000 	/System/Library/PrivateFrameworks/Heimdal.framework/Versions/A/Heimdal
0x0000000029f00000 	/usr/lib/libheimdal-asn1.dylib
0x0000000029f00000 	/System/Library/Frameworks/OpenDirectory.framework/Versions/A/OpenDirectory
0x0000000029f00000 	/System/Library/PrivateFrameworks/CommonAuth.framework/Versions/A/CommonAuth
0x0000000029f00000 	/System/Library/Frameworks/OpenDirectory.framework/Versions/A/Frameworks/CFOpenDirectory.framework/Versions/A/CFOpenDirectory
0x0000000029f00000 	/System/Library/Frameworks/SecurityFoundation.framework/Versions/A/SecurityFoundation
0x0000000029f00000 	/System/Library/PrivateFrameworks/LanguageModeling.framework/Versions/A/LanguageModeling
0x0000000029f00000 	/usr/lib/libmarisa.dylib
0x0000000029f00000 	/usr/lib/libChineseTokenizer.dylib
0x0000000029f00000 	/usr/lib/libcmph.dylib
0x0000000029f00000 	/System/Library/PrivateFrameworks/CoreEmoji.framework/Versions/A/CoreEmoji
0x0000000029f00000 	/System/Library/Frameworks/ServiceManagement.framework/Versions/A/ServiceManagement
0x0000000029f00000 	/usr/lib/libxslt.1.dylib
0x0000000029f00000 	/System/Library/Frameworks/Carbon.framework/Versions/A/Frameworks/Ink.framework/Versions/A/Ink
0x0000000029f00000 	/System/Library/PrivateFrameworks/TextureIO.framework/Versions/A/TextureIO
0x0000000029f00000 	/System/Library/Frameworks/Metal.framework/Versions/A/Metal
0x0000000029f00000 	/usr/lib/libate.dylib
0x0000000029f00000 	/System/Library/PrivateFrameworks/GPUCompiler.framework/libmetal_timestamp.dylib
0x0000000029f00000 	/System/Library/Frameworks/OpenGL.framework/Versions/A/Libraries/libCoreFSCache.dylib
0x0000000029f00000 	/System/Library/PrivateFrameworks/IOAccelerator.framework/Versions/A/IOAccelerator
0x0000000029f00000 	/System/Library/Frameworks/CoreVideo.framework/Versions/A/CoreVideo
0x0000000029f00000 	/usr/lib/libFosl_dynamic.dylib
0x0000000029f00000 	/System/Library/PrivateFrameworks/MetalPerformanceShaders.framework/Versions/A/MetalPerformanceShaders
0x0000000029f00000 	/System/Library/PrivateFrameworks/FaceCore.framework/Versions/A/FaceCore
0x0000000029f00000 	/System/Library/Frameworks/OpenCL.framework/Versions/A/OpenCL
0x0000000029f00000 	/System/Library/Frameworks/OpenGL.framework/Versions/A/Libraries/libGLU.dylib
0x0000000029f00000 	/System/Library/Frameworks/OpenGL.framework/Versions/A/Libraries/libGFXShared.dylib
0x0000000029f00000 	/System/Library/Frameworks/OpenGL.framework/Versions/A/Libraries/libGL.dylib
0x0000000029f00000 	/System/Library/Frameworks/OpenGL.framework/Versions/A/Libraries/libGLImage.dylib
0x0000000029f00000 	/System/Library/Frameworks/OpenGL.framework/Versions/A/Libraries/libCVMSPluginSupport.dylib
0x0000000029f00000 	/System/Library/Frameworks/OpenGL.framework/Versions/A/Libraries/libCoreVMClient.dylib
0x0000000029f00000 	/System/Library/PrivateFrameworks/CrashReporterSupport.framework/Versions/A/CrashReporterSupport
0x0000000029f00000 	/System/Library/PrivateFrameworks/Sharing.framework/Versions/A/Sharing
0x0000000029f00000 	/System/Library/PrivateFrameworks/IconServices.framework/Versions/A/IconServices
0x0000000029f00000 	/System/Library/PrivateFrameworks/ProtocolBuffer.framework/Versions/A/ProtocolBuffer
0x0000000029f00000 	/System/Library/PrivateFrameworks/Apple80211.framework/Versions/A/Apple80211
0x0000000029f00000 	/System/Library/Frameworks/CoreWLAN.framework/Versions/A/CoreWLAN
0x0000000029f00000 	/System/Library/PrivateFrameworks/CoreUtils.framework/Versions/A/CoreUtils
0x0000000029f00000 	/System/Library/Frameworks/IOBluetooth.framework/Versions/A/IOBluetooth
0x0000000029f00000 	/System/Library/PrivateFrameworks/CoreWiFi.framework/Versions/A/CoreWiFi
0x0000000029f00000 	/System/Library/Frameworks/CoreBluetooth.framework/Versions/A/CoreBluetooth
0x0000000029f00000 	/System/Library/Frameworks/CoreDisplay.framework/Versions/A/CoreDisplay
0x0000000029f00000 	/System/Library/PrivateFrameworks/IOPresentment.framework/Versions/A/IOPresentment
0x0000000029f00000 	/System/Library/PrivateFrameworks/DebugSymbols.framework/Versions/A/DebugSymbols
0x0000000029f00000 	/System/Library/PrivateFrameworks/CoreSymbolication.framework/Versions/A/CoreSymbolication
0x0000000029f00000 	/System/Library/PrivateFrameworks/Symbolication.framework/Versions/A/Symbolication
0x0000000029f00000 	/System/Library/PrivateFrameworks/AppleFSCompression.framework/Versions/A/AppleFSCompression
0x0000000029f00000 	/System/Library/PrivateFrameworks/SpeechRecognitionCore.framework/Versions/A/SpeechRecognitionCore
0x0000000029f00000 	/System/Library/PrivateFrameworks/ChunkingLibrary.framework/Versions/A/ChunkingLibrary
0x0000000100ee3000 	/System/Library/CoreServices/Encodings/libSimplifiedChineseConverter.dylib
0x0000000102000000 	/Library/Java/JavaVirtualMachines/jdk1.8.0_111.jdk/Contents/Home/jre/lib/server/libjvm.dylib
0x0000000029f00000 	/usr/lib/libstdc++.6.dylib
0x0000000100f27000 	/Library/Java/JavaVirtualMachines/jdk1.8.0_111.jdk/Contents/Home/jre/lib/libverify.dylib
0x0000000100f35000 	/Library/Java/JavaVirtualMachines/jdk1.8.0_111.jdk/Contents/Home/jre/lib/libjava.dylib
0x0000000100f74000 	/Library/Java/JavaVirtualMachines/jdk1.8.0_111.jdk/Contents/Home/jre/lib/libzip.dylib
0x0000000107ab1000 	/System/Library/Frameworks/JavaVM.framework/Frameworks/JavaRuntimeSupport.framework/JavaRuntimeSupport
0x0000000107acb000 	/System/Library/Frameworks/JavaVM.framework/Versions/A/Frameworks/JavaNativeFoundation.framework/Versions/A/JavaNativeFoundation
0x0000000107ae0000 	/System/Library/Frameworks/JavaVM.framework/Versions/A/JavaVM
0x0000000029f00000 	/System/Library/Frameworks/Carbon.framework/Versions/A/Carbon
0x0000000107aed000 	/System/Library/PrivateFrameworks/JavaLaunching.framework/Versions/A/JavaLaunching
0x0000000029f00000 	/System/Library/Frameworks/Carbon.framework/Versions/A/Frameworks/CommonPanels.framework/Versions/A/CommonPanels
0x0000000029f00000 	/System/Library/Frameworks/Carbon.framework/Versions/A/Frameworks/Help.framework/Versions/A/Help
0x0000000029f00000 	/System/Library/Frameworks/Carbon.framework/Versions/A/Frameworks/ImageCapture.framework/Versions/A/ImageCapture
0x0000000029f00000 	/System/Library/Frameworks/Carbon.framework/Versions/A/Frameworks/OpenScripting.framework/Versions/A/OpenScripting
0x0000000029f00000 	/System/Library/Frameworks/Carbon.framework/Versions/A/Frameworks/Print.framework/Versions/A/Print
0x0000000029f00000 	/System/Library/Frameworks/Carbon.framework/Versions/A/Frameworks/SecurityHI.framework/Versions/A/SecurityHI

VM Arguments:
jvm_args: -Xmx6G -Dfile.encoding=UTF-8 
java_command: algorithm.Index_v2.Test
java_class_path (initial): /Users/chenyankai/gitRepository/workspace/HC/bin:/Users/chenyankai/gitRepository/workspace/HC/lib/jtidy-r938.jar:/Users/chenyankai/gitRepository/workspace/HC/lib/commons-net-3.6.jar
Launcher Type: SUN_STANDARD

Environment Variables:
PATH=/usr/bin:/bin:/usr/sbin:/sbin
SHELL=/bin/bash

Signal Handlers:
SIGSEGV: [libjvm.dylib+0x5b03ed], sa_mask[0]=11111111011111110111111111111111, sa_flags=SA_ONSTACK|SA_RESTART|SA_SIGINFO
SIGBUS: [libjvm.dylib+0x5b03ed], sa_mask[0]=11111111011111110111111111111111, sa_flags=SA_RESTART|SA_SIGINFO
SIGFPE: [libjvm.dylib+0x48711c], sa_mask[0]=11111111011111110111111111111111, sa_flags=SA_RESTART|SA_SIGINFO
SIGPIPE: [libjvm.dylib+0x48711c], sa_mask[0]=11111111011111110111111111111111, sa_flags=SA_RESTART|SA_SIGINFO
SIGXFSZ: [libjvm.dylib+0x48711c], sa_mask[0]=11111111011111110111111111111111, sa_flags=SA_RESTART|SA_SIGINFO
SIGILL: [libjvm.dylib+0x48711c], sa_mask[0]=11111111011111110111111111111111, sa_flags=SA_RESTART|SA_SIGINFO
SIGUSR1: SIG_DFL, sa_mask[0]=00000000000000000000000000000000, sa_flags=none
SIGUSR2: [libjvm.dylib+0x486c3a], sa_mask[0]=00100000000000000000000000000000, sa_flags=SA_RESTART|SA_SIGINFO
SIGHUP: [libjvm.dylib+0x485211], sa_mask[0]=11111111011111110111111111111111, sa_flags=SA_RESTART|SA_SIGINFO
SIGINT: [libjvm.dylib+0x485211], sa_mask[0]=11111111011111110111111111111111, sa_flags=SA_RESTART|SA_SIGINFO
SIGTERM: [libjvm.dylib+0x485211], sa_mask[0]=11111111011111110111111111111111, sa_flags=SA_RESTART|SA_SIGINFO
SIGQUIT: [libjvm.dylib+0x485211], sa_mask[0]=11111111011111110111111111111111, sa_flags=SA_RESTART|SA_SIGINFO


---------------  S Y S T E M  ---------------

OS:Bsduname:Darwin 16.3.0 Darwin Kernel Version 16.3.0: Thu Nov 17 20:23:58 PST 2016; root:xnu-3789.31.2~1/RELEASE_X86_64 x86_64
rlimit: STACK 8192k, CORE 0k, NPROC 709, NOFILE 10240, AS infinity
load average:1.77 1.83 1.91

CPU:total 8 (4 cores per cpu, 2 threads per core) family 6 model 94 stepping 3, cmov, cx8, fxsr, mmx, sse, sse2, sse3, ssse3, sse4.1, sse4.2, popcnt, avx, avx2, aes, clmul, erms, rtm, 3dnowpref, lzcnt, ht, tsc, tscinvbit, bmi1, bmi2, adx

Memory: 4k page, physical 16777216k(1915028k free)

/proc/meminfo:


vm_info: Java HotSpot(TM) 64-Bit Server VM (25.111-b14) for bsd-amd64 JRE (1.8.0_111-b14), built on Sep 22 2016 15:31:41 by "java_re" with gcc 4.2.1 (Based on Apple Inc. build 5658) (LLVM build 2336.11.00)

time: Sun Aug  6 16:03:03 2017
elapsed time: 366 seconds (0d 0h 6m 6s)

