This is pdfTeX, Version 3.1415926-1.40.11 (MiKTeX 2.9) (preloaded format=pdflatex 2013.3.9)  25 MAR 2017 12:29
entering extended mode
**C:/Users/Admin/Dropbox/ACQ/vldbj/ACQ.tex
(C:/Users/Admin/Dropbox/ACQ/vldbj/ACQ.tex
LaTeX2e <2009/09/24>
Babel <v3.8l> and hyphenation patterns for loaded.

LaTeX Warning: File `example.eps' already exists on the system.
               Not generating it from this source.

(C:\CTEX\MiKTeX\tex\latex\base\fix-cm.sty
Package: fix-cm 2006/09/13 v1.1m fixes to LaTeX

(C:\CTEX\MiKTeX\tex\latex\base\ts1enc.def
File: ts1enc.def 2001/06/05 v3.0e (jk/car/fm) Standard LaTeX file
))
(C:\Users\Admin\Dropbox\ACQ\vldbj\svjour3.cls
Document Class: svjour3 2007/05/08 v3.2 
LaTeX document class for Springer journals
(C:\CTEX\MiKTeX\tex\latex\base\fleqn.clo
File: fleqn.clo 1998/08/17 v1.1c Standard LaTeX option (flush left equations)
\mathindent=\dimen102
)
Class Springer-SVJour3 Info: extra/valid Springer sub-package (-> *.clo) 
(Springer-SVJour3)           not found in option list of \documentclass
(Springer-SVJour3)           - autoactivating "global" style.

(C:\Users\Admin\Dropbox\ACQ\vldbj\svglov3.clo
File: svglov3.clo 2009/12/18 v3.2 style option for standardised journals

SVJour Class option: svglov3.clo for standardised journals
)
LaTeX Font Info:    Redeclaring math symbol \Gamma on input line 147.
LaTeX Font Info:    Redeclaring math symbol \Delta on input line 148.
LaTeX Font Info:    Redeclaring math symbol \Theta on input line 149.
LaTeX Font Info:    Redeclaring math symbol \Lambda on input line 150.
LaTeX Font Info:    Redeclaring math symbol \Xi on input line 151.
LaTeX Font Info:    Redeclaring math symbol \Pi on input line 152.
LaTeX Font Info:    Redeclaring math symbol \Sigma on input line 153.
LaTeX Font Info:    Redeclaring math symbol \Upsilon on input line 154.
LaTeX Font Info:    Redeclaring math symbol \Phi on input line 155.
LaTeX Font Info:    Redeclaring math symbol \Psi on input line 156.
LaTeX Font Info:    Redeclaring math symbol \Omega on input line 157.
\logodepth=\dimen103
\headerboxheight=\dimen104
\betweenumberspace=\dimen105
\aftertext=\dimen106
\headlineindent=\dimen107
\c@inst=\count79
\c@auth=\count80
\instindent=\dimen108
\authrun=\box26
\authorrunning=\toks14
\titrun=\box27
\titlerunning=\toks15
\combirun=\box28
\c@lastpage=\count81
\rubricwidth=\dimen109
\c@section=\count82
\c@subsection=\count83
\c@subsubsection=\count84
\c@paragraph=\count85
\c@subparagraph=\count86
\spthmsep=\dimen110
\c@theorem=\count87
\c@case=\count88
\c@conjecture=\count89
\c@corollary=\count90
\c@definition=\count91
\c@example=\count92
\c@exercise=\count93
\c@lemma=\count94
\c@note=\count95
\c@problem=\count96
\c@property=\count97
\c@proposition=\count98
\c@question=\count99
\c@solution=\count100
\c@remark=\count101
\c@figure=\count102
\c@table=\count103
\abovecaptionskip=\skip41
\belowcaptionskip=\skip42
\figcapgap=\dimen111
\tabcapgap=\dimen112
\figgap=\dimen113
\bibindent=\dimen114
\@tempcntc=\count104
) (C:\CTEX\MiKTeX\tex\latex\graphics\graphicx.sty
Package: graphicx 1999/02/16 v1.0f Enhanced LaTeX Graphics (DPC,SPQR)

(C:\CTEX\MiKTeX\tex\latex\graphics\keyval.sty
Package: keyval 1999/03/16 v1.13 key=value parser (DPC)
\KV@toks@=\toks16
)
(C:\CTEX\MiKTeX\tex\latex\graphics\graphics.sty
Package: graphics 2009/02/05 v1.0o Standard LaTeX Graphics (DPC,SPQR)

(C:\CTEX\MiKTeX\tex\latex\graphics\trig.sty
Package: trig 1999/03/16 v1.09 sin cos tan (DPC)
)
(C:\CTEX\MiKTeX\tex\latex\00miktex\graphics.cfg
File: graphics.cfg 2007/01/18 v1.5 graphics configuration of teTeX/TeXLive
)
Package graphics Info: Driver file: pdftex.def on input line 91.

(C:\CTEX\MiKTeX\tex\latex\pdftex-def\pdftex.def
File: pdftex.def 2010/09/14 v0.05b Graphics/color for pdfTeX
\Gread@gobject=\count105
))
\Gin@req@height=\dimen115
\Gin@req@width=\dimen116
)
(C:\CTEX\MiKTeX\tex\latex\preprint\balance.sty
Package: balance 1999/02/23 4.3 (PWD)
\oldvsize=\dimen117
)
(C:\CTEX\MiKTeX\tex\latex\graphics\color.sty
Package: color 2005/11/14 v1.0j Standard LaTeX Color (DPC)

(C:\CTEX\MiKTeX\tex\latex\00miktex\color.cfg
File: color.cfg 2007/01/18 v1.5 color configuration of teTeX/TeXLive
)
Package color Info: Driver file: pdftex.def on input line 130.
)
(C:\CTEX\MiKTeX\tex\latex\algorithmicx\algpseudocode.sty
Package: algpseudocode 

(C:\CTEX\MiKTeX\tex\latex\base\ifthen.sty
Package: ifthen 2001/05/26 v1.1c Standard LaTeX ifthen package (DPC)
)
(C:\CTEX\MiKTeX\tex\latex\algorithmicx\algorithmicx.sty
Package: algorithmicx 2005/04/27 v1.2 Algorithmicx

Document Style algorithmicx 1.2 - a greatly improved `algorithmic' style
\c@ALG@line=\count106
\c@ALG@rem=\count107
\c@ALG@nested=\count108
\ALG@tlm=\skip43
\ALG@thistlm=\skip44
\c@ALG@Lnr=\count109
\c@ALG@blocknr=\count110
\c@ALG@storecount=\count111
\c@ALG@tmpcounter=\count112
\ALG@tmplength=\skip45
)
Document Style - pseudocode environments for use with the `algorithmicx' style
) (C:\CTEX\MiKTeX\tex\latex\algorithms\algorithm.sty
Package: algorithm 2009/08/24 v0.1 Document Style `algorithm' - floating enviro
nment

(C:\CTEX\MiKTeX\tex\latex\float\float.sty
Package: float 2001/11/08 v1.3d Float enhancements (AL)
\c@float@type=\count113
\float@exts=\toks17
\float@box=\box29
\@float@everytoks=\toks18
\@floatcapt=\box30
)
\@float@every@algorithm=\toks19
\c@algorithm=\count114
)
(C:\CTEX\MiKTeX\tex\latex\ltxmisc\varwidth.sty
Package: varwidth 2009/03/30 ver 0.92;  Variable-width minipages
\@vwid@box=\box31
\sift@deathcycles=\count115
\@vwid@loff=\dimen118
\@vwid@roff=\dimen119
)
(C:\CTEX\MiKTeX\tex\latex\ltxmisc\url.sty
\Urlmuskip=\muskip10
Package: url 2006/04/12  ver 3.3  Verb mode for urls, etc.
)
(C:\CTEX\MiKTeX\tex\latex\multirow\multirow.sty
\bigstrutjot=\dimen120
)
(C:\CTEX\MiKTeX\tex\latex\subfigure\subfigure.sty
Package: subfigure 2002/07/30 v2.1.4 subfigure package
\subfigtopskip=\skip46
\subfigcapskip=\skip47
\subfigcaptopadj=\dimen121
\subfigbottomskip=\skip48
\subfigcapmargin=\dimen122
\subfiglabelskip=\skip49
\c@subfigure=\count116
\c@lofdepth=\count117
\c@subtable=\count118
\c@lotdepth=\count119

****************************************
* Local config file subfigure.cfg used *
****************************************
(C:\CTEX\MiKTeX\tex\latex\subfigure\subfigure.cfg)
\subfig@top=\skip50
\subfig@bottom=\skip51
)
(C:\CTEX\MiKTeX\tex\latex\mh\mathtools.sty
Package: mathtools 2010/07/21 v1.08b mathematical typesetting tools (MH)

(C:\CTEX\MiKTeX\tex\latex\tools\calc.sty
Package: calc 2007/08/22 v4.3 Infix arithmetic (KKT,FJ)
\calc@Acount=\count120
\calc@Bcount=\count121
\calc@Adimen=\dimen123
\calc@Bdimen=\dimen124
\calc@Askip=\skip52
\calc@Bskip=\skip53
LaTeX Info: Redefining \setlength on input line 76.
LaTeX Info: Redefining \addtolength on input line 77.
\calc@Ccount=\count122
\calc@Cskip=\skip54
)
(C:\CTEX\MiKTeX\tex\latex\mh\mhsetup.sty
Package: mhsetup 2010/01/21 v1.2a programming setup (MH)
)
(C:\CTEX\MiKTeX\tex\latex\ams\math\amsmath.sty
Package: amsmath 2000/07/18 v2.13 AMS math features
\@mathmargin=\skip55

For additional information on amsmath, use the `?' option.
(C:\CTEX\MiKTeX\tex\latex\ams\math\amstext.sty
Package: amstext 2000/06/29 v2.01

(C:\CTEX\MiKTeX\tex\latex\ams\math\amsgen.sty
File: amsgen.sty 1999/11/30 v2.0
\@emptytoks=\toks20
\ex@=\dimen125
))
(C:\CTEX\MiKTeX\tex\latex\ams\math\amsbsy.sty
Package: amsbsy 1999/11/29 v1.2d
\pmbraise@=\dimen126
)
(C:\CTEX\MiKTeX\tex\latex\ams\math\amsopn.sty
Package: amsopn 1999/12/14 v2.01 operator names
)
\inf@bad=\count123
LaTeX Info: Redefining \frac on input line 211.
\uproot@=\count124
\leftroot@=\count125
LaTeX Info: Redefining \overline on input line 307.
\classnum@=\count126
\DOTSCASE@=\count127
LaTeX Info: Redefining \ldots on input line 379.
LaTeX Info: Redefining \dots on input line 382.
LaTeX Info: Redefining \cdots on input line 467.
\Mathstrutbox@=\box32
\strutbox@=\box33
\big@size=\dimen127
LaTeX Font Info:    Redeclaring font encoding OML on input line 567.
LaTeX Font Info:    Redeclaring font encoding OMS on input line 568.


Package amsmath Warning: Unable to redefine math accent \vec.

\macc@depth=\count128
\c@MaxMatrixCols=\count129
\dotsspace@=\muskip11
\c@parentequation=\count130
\dspbrk@lvl=\count131
\tag@help=\toks21
\row@=\count132
\column@=\count133
\maxfields@=\count134
\andhelp@=\toks22
\eqnshift@=\dimen128
\alignsep@=\dimen129
\tagshift@=\dimen130
\tagwidth@=\dimen131
\totwidth@=\dimen132
\lineht@=\dimen133
\@envbody=\toks23
\multlinegap=\skip56
\multlinetaggap=\skip57
\mathdisplay@stack=\toks24
LaTeX Info: Redefining \[ on input line 2666.
LaTeX Info: Redefining \] on input line 2667.
)
\g_MT_multlinerow_int=\count135
\l_MT_multwidth_dim=\dimen134
) (C:\CTEX\MiKTeX\tex\latex\tools\bm.sty
Package: bm 2004/02/26 v1.1c Bold Symbol Support (DPC/FMi)
\symboldoperators=\mathgroup4
\symboldletters=\mathgroup5
\symboldsymbols=\mathgroup6
LaTeX Font Info:    Redeclaring math alphabet \mathbf on input line 138.
LaTeX Info: Redefining \bm on input line 204.
)
(C:\CTEX\MiKTeX\tex\latex\hyperref\hyperref.sty
Package: hyperref 2010/10/19 v6.81s Hypertext links for LaTeX

(C:\CTEX\MiKTeX\tex\generic\oberdiek\ltxcmds.sty
Package: ltxcmds 2010/04/26 v1.7 LaTeX kernel commands for general use (HO)
)
(C:\CTEX\MiKTeX\tex\generic\oberdiek\infwarerr.sty
Package: infwarerr 2010/04/08 v1.3 Providing info/warning/message (HO)
)
(C:\CTEX\MiKTeX\tex\generic\oberdiek\kvsetkeys.sty
Package: kvsetkeys 2010/03/01 v1.9 Key value parser (HO)

(C:\CTEX\MiKTeX\tex\generic\oberdiek\etexcmds.sty
Package: etexcmds 2010/01/28 v1.3 Prefix for e-TeX command names (HO)
Package etexcmds Info: Could not find \expanded.
(etexcmds)             That can mean that you are not using pdfTeX 1.50 or
(etexcmds)             that some package has redefined \expanded.
(etexcmds)             In the latter case, load this package earlier.
))
(C:\CTEX\MiKTeX\tex\generic\oberdiek\pdfescape.sty
Package: pdfescape 2010/03/01 v1.9 Provides hex, PDF name and string conversion
s (HO)

(C:\CTEX\MiKTeX\tex\generic\oberdiek\pdftexcmds.sty
Package: pdftexcmds 2010/04/01 v0.9 Utility functions of pdfTeX for LuaTeX (HO)


(C:\CTEX\MiKTeX\tex\generic\oberdiek\ifluatex.sty
Package: ifluatex 2010/03/01 v1.3 Provides the ifluatex switch (HO)
Package ifluatex Info: LuaTeX not detected.
)
Package pdftexcmds Info: LuaTeX not detected.
Package pdftexcmds Info: \pdf@primitive is available.
Package pdftexcmds Info: \pdf@ifprimitive is available.
))
(C:\CTEX\MiKTeX\tex\generic\oberdiek\ifpdf.sty
Package: ifpdf 2010/01/28 v2.1 Provides the ifpdf switch (HO)
Package ifpdf Info: pdfTeX in pdf mode detected.
)
(C:\CTEX\MiKTeX\tex\generic\oberdiek\ifvtex.sty
Package: ifvtex 2010/03/01 v1.5 Switches for detecting VTeX and its modes (HO)
Package ifvtex Info: VTeX not detected.
)
(C:\CTEX\MiKTeX\tex\generic\ifxetex\ifxetex.sty
Package: ifxetex 2010/09/12 v0.6 Provides ifxetex conditional
)
(C:\CTEX\MiKTeX\tex\latex\oberdiek\hycolor.sty
Package: hycolor 2009/12/12 v1.6 Color options of hyperref/bookmark (HO)

(C:\CTEX\MiKTeX\tex\latex\oberdiek\xcolor-patch.sty
Package: xcolor-patch 2009/12/12 xcolor patch
))
(C:\CTEX\MiKTeX\tex\latex\oberdiek\letltxmacro.sty
Package: letltxmacro 2008/06/24 v1.3 Let assignment for LaTeX macros (HO)
)
(C:\CTEX\MiKTeX\tex\latex\oberdiek\kvoptions.sty
Package: kvoptions 2010/02/22 v3.7 Keyval support for LaTeX options (HO)
)
\@linkdim=\dimen135
\Hy@linkcounter=\count136
\Hy@pagecounter=\count137

(C:\CTEX\MiKTeX\tex\latex\hyperref\pd1enc.def
File: pd1enc.def 2010/10/19 v6.81s Hyperref: PDFDocEncoding definition (HO)
)
(C:\CTEX\MiKTeX\tex\generic\oberdiek\intcalc.sty
Package: intcalc 2007/09/27 v1.1 Expandable integer calculations (HO)
)
\Hy@SavedSpaceFactor=\count138

(C:\CTEX\MiKTeX\tex\latex\00miktex\hyperref.cfg
File: hyperref.cfg 2002/06/06 v1.2 hyperref configuration of TeXLive
)
Package hyperref Info: Hyper figures OFF on input line 3959.
Package hyperref Info: Link nesting OFF on input line 3964.
Package hyperref Info: Hyper index ON on input line 3967.
Package hyperref Info: Plain pages OFF on input line 3974.
Package hyperref Info: Backreferencing OFF on input line 3979.
Package hyperref Info: Implicit mode ON; LaTeX internals redefined.
Package hyperref Info: Bookmarks ON on input line 4194.
\c@Hy@tempcnt=\count139
LaTeX Info: Redefining \url on input line 4549.

(C:\CTEX\MiKTeX\tex\generic\oberdiek\bitset.sty
Package: bitset 2007/09/28 v1.0 Data type bit set (HO)

(C:\CTEX\MiKTeX\tex\generic\oberdiek\bigintcalc.sty
Package: bigintcalc 2007/11/11 v1.1 Expandable big integer calculations (HO)
))
\Fld@menulength=\count140
\Field@Width=\dimen136
\Fld@charsize=\dimen137
Package hyperref Info: Hyper figures OFF on input line 5609.
Package hyperref Info: Link nesting OFF on input line 5614.
Package hyperref Info: Hyper index ON on input line 5617.
Package hyperref Info: backreferencing OFF on input line 5624.
Package hyperref Info: Link coloring OFF on input line 5629.
Package hyperref Info: Link coloring with OCG OFF on input line 5634.
Package hyperref Info: PDF/A mode OFF on input line 5639.
LaTeX Info: Redefining \ref on input line 5679.
LaTeX Info: Redefining \pageref on input line 5683.

(C:\CTEX\MiKTeX\tex\generic\oberdiek\atbegshi.sty
Package: atbegshi 2010/03/25 v1.12 At begin shipout hook (HO)
)
\Hy@abspage=\count141
\c@Item=\count142
\c@Hfootnote=\count143
)

Package hyperref Message: Driver (autodetected): hpdftex.

(C:\CTEX\MiKTeX\tex\latex\hyperref\hpdftex.def
File: hpdftex.def 2010/10/19 v6.81s Hyperref driver for pdfTeX

(C:\CTEX\MiKTeX\tex\latex\oberdiek\atveryend.sty
Package: atveryend 2010/03/24 v1.5 Hooks at very end of document (HO)
Package atveryend Info: \enddocument detected (standard).
)
\Fld@listcount=\count144
\c@bookmark@seq@number=\count145

(C:\CTEX\MiKTeX\tex\latex\oberdiek\rerunfilecheck.sty
Package: rerunfilecheck 2010/03/16 v1.6 Rerun checks for auxiliary files (HO)

(C:\CTEX\MiKTeX\tex\generic\oberdiek\uniquecounter.sty
Package: uniquecounter 2009/12/18 v1.1 Provides unlimited unique counter (HO)
)
Package uniquecounter Info: New unique counter `rerunfilecheck' on input line 2
71.
)
\Hy@SectionHShift=\skip58
)
(C:\CTEX\MiKTeX\tex\latex\ams\classes\amsthm.sty
Package: amsthm 2004/08/06 v2.20
\thm@style=\toks25
\thm@bodyfont=\toks26
\thm@headfont=\toks27
\thm@notefont=\toks28
\thm@headpunct=\toks29
\thm@preskip=\skip59
\thm@postskip=\skip60
\thm@headsep=\skip61
\dth@everypar=\toks30
LaTeX Info: Redefining \qed on input line 283.
)
(C:\CTEX\MiKTeX\tex\latex\tools\indentfirst.sty
Package: indentfirst 1995/11/23 v1.03 Indent first paragraph (DPC)
)
(C:\CTEX\MiKTeX\tex\latex\psnfss\times.sty
Package: times 2005/04/12 PSNFSS-v9.2a (SPQR) 
)
\c@variant=\count146

(C:\Users\Admin\Dropbox\ACQ\vldbj\ACQ.aux
(C:\Users\Admin\Dropbox\ACQ\vldbj\appendix.aux))
LaTeX Font Info:    Checking defaults for OML/cmm/m/it on input line 63.
LaTeX Font Info:    ... okay on input line 63.
LaTeX Font Info:    Checking defaults for T1/cmr/m/n on input line 63.
LaTeX Font Info:    ... okay on input line 63.
LaTeX Font Info:    Checking defaults for OT1/cmr/m/n on input line 63.
LaTeX Font Info:    ... okay on input line 63.
LaTeX Font Info:    Checking defaults for OMS/cmsy/m/n on input line 63.
LaTeX Font Info:    ... okay on input line 63.
LaTeX Font Info:    Checking defaults for OMX/cmex/m/n on input line 63.
LaTeX Font Info:    ... okay on input line 63.
LaTeX Font Info:    Checking defaults for U/cmr/m/n on input line 63.
LaTeX Font Info:    ... okay on input line 63.
LaTeX Font Info:    Checking defaults for TS1/cmr/m/n on input line 63.
LaTeX Font Info:    ... okay on input line 63.
LaTeX Font Info:    Checking defaults for PD1/pdf/m/n on input line 63.
LaTeX Font Info:    ... okay on input line 63.
LaTeX Font Info:    Try loading font information for OT1+ptm on input line 63.

(C:\CTEX\MiKTeX\tex\latex\psnfss\ot1ptm.fd
File: ot1ptm.fd 2001/06/04 font definitions for OT1/ptm.
)
Unknown journal: specify \journalname{<name of your journal>} in preambel

(C:\CTEX\MiKTeX\tex\context\base\supp-pdf.mkii
[Loading MPS to PDF converter (version 2006.09.02).]
\scratchcounter=\count147
\scratchdimen=\dimen138
\scratchbox=\box34
\nofMPsegments=\count148
\nofMParguments=\count149
\everyMPshowfont=\toks31
\MPscratchCnt=\count150
\MPscratchDim=\dimen139
\MPnumerator=\count151
\everyMPtoPDFconversion=\toks32
)
\AtBeginShipoutBox=\box35
Package hyperref Info: Link coloring OFF on input line 63.
 (C:\CTEX\MiKTeX\tex\latex\hyperref\nameref.sty
Package: nameref 2010/04/30 v2.40 Cross-referencing by name of section

(C:\CTEX\MiKTeX\tex\latex\oberdiek\refcount.sty
Package: refcount 2008/08/11 v3.1 Data extraction from references (HO)
)
(C:\CTEX\MiKTeX\tex\generic\oberdiek\gettitlestring.sty
Package: gettitlestring 2009/12/18 v1.3 Cleanup title references (HO)
)
\c@section@level=\count152
)
LaTeX Info: Redefining \ref on input line 63.
LaTeX Info: Redefining \pageref on input line 63.
LaTeX Info: Redefining \nameref on input line 63.

(C:\Users\Admin\Dropbox\ACQ\vldbj\ACQ.out)
(C:\Users\Admin\Dropbox\ACQ\vldbj\ACQ.out)
\@outlinefile=\write3

SVJour3 warning: Missing \journalname
LaTeX Font Info:    Font shape `OT1/ptm/bx/n' in size <10> not available
(Font)              Font shape `OT1/ptm/b/n' tried instead on input line 83.
LaTeX Font Info:    Font shape `OT1/ptm/bx/n' in size <16> not available
(Font)              Font shape `OT1/ptm/b/n' tried instead on input line 83.
LaTeX Font Info:    Calculating math sizes for size <8.5> on input line 83.

LaTeX Font Warning: Font shape `OMX/cmex/m/n' in size <8.5> not available
(Font)              size <8> substituted on input line 83.

LaTeX Font Info:    Try loading font information for OMS+ptm on input line 83.
(C:\CTEX\MiKTeX\tex\latex\psnfss\omsptm.fd
File: omsptm.fd 
)
LaTeX Font Info:    Font shape `OMS/ptm/m/n' in size <8.5> not available
(Font)              Font shape `OMS/cmsy/m/n' tried instead on input line 83.

(C:\Users\Admin\Dropbox\ACQ\vldbj\abstract.tex)
Overfull \hbox (2.49323pt too wide) in paragraph at lines 4--85
\OT1/ptm/m/n/10 son-al-ized in-for-ma-tion than that of ex-ist-ing com-mu-ni-ty
 search
 []

(C:\Users\Admin\Dropbox\ACQ\vldbj\intro.tex
Underfull \vbox (badness 10000) has occurred while \output is active []



pdfTeX warning: (null) (file C:/Users/Admin/Dropbox/ACQ/vldbj/figures/motivatio
n.pdf): PDF inclusion: found PDF version <1.6>, but at most version <1.5> allow
ed
<figures/motivation.pdf, id=78, 384.12509pt x 133.59009pt>
File: figures/motivation.pdf Graphic file (type pdf)

<use figures/motivation.pdf>
LaTeX Font Info:    Font shape `OT1/ptm/bx/n' in size <8.5> not available
(Font)              Font shape `OT1/ptm/b/n' tried instead on input line 10.
LaTeX Font Info:    Try loading font information for OT1+pcr on input line 14.
 (C:\CTEX\MiKTeX\tex\latex\psnfss\ot1pcr.fd
File: ot1pcr.fd 2001/06/04 font definitions for OT1/pcr.
)
Overfull \hbox (4.82286pt too wide) in paragraph at lines 14--15
\OT1/ptm/m/n/10 word-s in com-mon). Fig-ure []1[] il-lus-trates an AC (cir-cled
), which
 []

[1{C:/CTEX/UserData/pdftex/config/pdftex.map{Unicode.sfd}{UGBK.sfd}}


 <C:/Users/Admin/Dropbox/ACQ/vldbj/figures/motivation.pdf>]
LaTeX Font Info:    Font shape `OMS/ptm/m/n' in size <10> not available
(Font)              Font shape `OMS/cmsy/m/n' tried instead on input line 48.


pdfTeX warning: (null) (file C:/Users/Admin/Dropbox/ACQ/vldbj/figures/jim1.pdf)
: PDF inclusion: found PDF version <1.6>, but at most version <1.5> allowed
<figures/jim1.pdf, id=319, 268.51979pt x 167.5871pt>
File: figures/jim1.pdf Graphic file (type pdf)
 <use figures/jim1.pdf>

pdfTeX warning: (null) (file C:/Users/Admin/Dropbox/ACQ/vldbj/figures/jim2.pdf)
: PDF inclusion: found PDF version <1.6>, but at most version <1.5> allowed
<figures/jim2.pdf, id=320, 266.3039pt x 169.50526pt>
File: figures/jim2.pdf Graphic file (type pdf)
 <use figures/jim2.pdf>
[2]
Underfull \vbox (badness 10000) has occurred while \output is active []

)
(C:\Users\Admin\Dropbox\ACQ\vldbj\related.tex
Overfull \hbox (0.18506pt too wide) in paragraph at lines 11--13
\OT1/ptm/m/n/10 In [[], []], the \OT1/pcr/m/n/10 Link-PLSA-LDA \OT1/ptm/m/n/10 
and \OT1/pcr/m/n/10 Topic-Link LDA
 []

[3 <C:/Users/Admin/Dropbox/ACQ/vldbj/figures/jim1.pdf> <C:/Users/Admin/Dropbox/
ACQ/vldbj/figures/jim2.pdf>]
Overfull \hbox (4.96356pt too wide) in paragraph at lines 14--19
[]\OT1/ptm/b/n/10 Community search (C-S). \OT1/ptm/m/n/10 An-oth-er class of so
-lu-tion-s aim-
 []

) (C:\Users\Admin\Dropbox\ACQ\vldbj\problem.tex

LaTeX Warning: No positions in optional float specifier.
               Default added (so using `tbp') on input line 7.


Overfull \hbox (2.32529pt too wide) in paragraph at lines 30--33
[]\OT1/ptm/m/n/10 A com-mu-ni-ty is of-ten a sub-graph of $\OML/cmm/m/it/10 G$ 
\OT1/ptm/m/n/10 that sat-is-fies \OT1/ptm/m/it/10 struc-
 []



pdfTeX warning: (null) (file C:/Users/Admin/Dropbox/ACQ/vldbj/figures/kcoreGrap
h.pdf): PDF inclusion: found PDF version <1.6>, but at most version <1.5> allow
ed
<figures/kcoreGraph.pdf, id=704, 236.51964pt x 135.0144pt>
File: figures/kcoreGraph.pdf Graphic file (type pdf)

<use figures/kcoreGraph.pdf>

pdfTeX warning: (null) (file C:/Users/Admin/Dropbox/ACQ/vldbj/figures/kcoreTabl
e.pdf): PDF inclusion: found PDF version <1.6>, but at most version <1.5> allow
ed
<figures/kcoreTable.pdf, id=705, 192.89465pt x 120.35966pt>
File: figures/kcoreTable.pdf Graphic file (type pdf)

<use figures/kcoreTable.pdf> [4 <C:/Users/Admin/Dropbox/ACQ/vldbj/figures/kcore
Graph.pdf> <C:/Users/Admin/Dropbox/ACQ/vldbj/figures/kcoreTable.pdf>])
Overfull \hbox (6.3536pt too wide) in paragraph at lines 101--95
[]\OT1/ptm/m/n/10 There are oth-er can-di-dates for struc-ture co-he-sive-ness 
(e.g.,
 []

(C:\Users\Admin\Dropbox\ACQ\vldbj\basic.tex
Overfull \hbox (10.04343pt too wide) in paragraph at lines 16--18
\OT1/ptm/m/n/10 method im-prac-ti-cal, and we do not fur-ther con-sid-er this m
ethod
 []


Overfull \hbox (3.74171pt too wide) in paragraph at lines 37--38
[]$\OMS/cmsy/m/n/10 $ \OT1/ptm/b/n/10 Can-di-date gen-er-a-tion. \OT1/ptm/m/n/
10 For any t-wo cur-ren-t size-$\OML/cmm/m/it/10 c$ \OT1/ptm/m/n/10 qual-
 []

[5]) (C:\Users\Admin\Dropbox\ACQ\vldbj\index.tex
(C:\Users\Admin\Dropbox\ACQ\vldbj\indexIntro.tex

pdfTeX warning: (null) (file C:/Users/Admin/Dropbox/ACQ/vldbj/figures/uck-tree.
pdf): PDF inclusion: found PDF version <1.6>, but at most version <1.5> allowed

<figures/uck-tree.pdf, id=1814, 178.70464pt x 201.05113pt>
File: figures/uck-tree.pdf Graphic file (type pdf)

<use figures/uck-tree.pdf>

pdfTeX warning: (null) (file C:/Users/Admin/Dropbox/ACQ/vldbj/figures/ck-tree.p
df): PDF inclusion: found PDF version <1.6>, but at most version <1.5> allowed
<figures/ck-tree.pdf, id=1815, 224.25482pt x 203.67091pt>
File: figures/ck-tree.pdf Graphic file (type pdf)

<use figures/ck-tree.pdf>

LaTeX Warning: Command \textless invalid in math mode on input line 53.

LaTeX Font Info:    Try loading font information for OML+ptm on input line 53.
(C:\CTEX\MiKTeX\tex\latex\psnfss\omlptm.fd
File: omlptm.fd 
)
LaTeX Font Info:    Font shape `OML/ptm/m/n' in size <10> not available
(Font)              Font shape `OML/cmm/m/it' tried instead on input line 53.


LaTeX Warning: Command \textless invalid in math mode on input line 53.


LaTeX Warning: Command \textgreater invalid in math mode on input line 53.


LaTeX Warning: Command \textgreater invalid in math mode on input line 53.


Overfull \hbox (6.28564pt too wide) in paragraph at lines 67--68
[]$\OMS/cmsy/m/n/10 $ \OT1/ptm/b/n/10 Keyword-checking. \OT1/ptm/m/n/10 Giv-en
 a $\OML/cmm/m/it/10 k$\OT1/ptm/m/n/10 -$[]$, find ver-tices which
 []

) (C:\Users\Admin\Dropbox\ACQ\vldbj\indexBuild.tex [6 <C:/Users/Admin/Dropbox/A
CQ/vldbj/figures/uck-tree.pdf> <C:/Users/Admin/Dropbox/ACQ/vldbj/figures/ck-tre
e.pdf>]
Package hyperref Info: bookmark level for unknown algorithm defaults to 0 on in
put line 17.
 [7]

LaTeX Warning: `h' float specifier changed to `ht'.

[8]

pdfTeX warning: (null) (file C:/Users/Admin/Dropbox/ACQ/vldbj/figures/advancedI
ndex.pdf): PDF inclusion: found PDF version <1.6>, but at most version <1.5> al
lowed
<figures/advancedIndex.pdf, id=2871, 468.83356pt x 285.39926pt>
File: figures/advancedIndex.pdf Graphic file (type pdf)

<use figures/advancedIndex.pdf>)) (C:\Users\Admin\Dropbox\ACQ\vldbj\query.tex
Overfull \hbox (1.99327pt too wide) in paragraph at lines 4--11
\OT1/ptm/m/n/10 The decre-men-tal al-go-rith-m is called \OT1/pcr/m/n/10 Dec \O
T1/ptm/m/n/10 ($[]$remental). Our
 []

(C:\Users\Admin\Dropbox\ACQ\vldbj\query1.tex
Overfull \hbox (10.6131pt too wide) in paragraph at lines 4--7
\OT1/ptm/m/n/10 sem-bles the ba-sic so-lu-tion-s (see Sec-tion []4[]), \OT1/pcr
/m/n/10 Inc-S \OT1/ptm/m/n/10 and \OT1/pcr/m/n/10 Inc-T
 []


Overfull \hbox (0.58328pt too wide) in paragraph at lines 21--23
[]\OT1/pcr/m/n/10 Inc-S \OT1/ptm/m/n/10 fol-lows the two-step frame-work (\OT1/
ptm/m/it/10 ver-i-fi-ca-tion \OT1/ptm/m/n/10 and
 []


Overfull \hbox (0.86386pt too wide) in paragraph at lines 24--25
[]\OT1/ptm/b/n/10 Core-based ver-i-fi-ca-tion. \OT1/ptm/m/n/10 For each new-ly 
gen-er-at-ed size-
 []


LaTeX Warning: Command \textless invalid in math mode on input line 53.


LaTeX Warning: Command \textless invalid in math mode on input line 53.


LaTeX Warning: Command \textgreater invalid in math mode on input line 53.


LaTeX Warning: Command \textgreater invalid in math mode on input line 53.


LaTeX Warning: Command \textless invalid in math mode on input line 56.


LaTeX Warning: Command \textless invalid in math mode on input line 56.


LaTeX Warning: Command \textgreater invalid in math mode on input line 56.


LaTeX Warning: Command \textgreater invalid in math mode on input line 56.


LaTeX Warning: Command \textless invalid in math mode on input line 79.

LaTeX Font Info:    Font shape `OML/ptm/m/n' in size <8.5> not available
(Font)              Font shape `OML/cmm/m/it' tried instead on input line 79.

LaTeX Warning: Command \textless invalid in math mode on input line 79.


LaTeX Warning: Command \textgreater invalid in math mode on input line 79.


LaTeX Warning: Command \textgreater invalid in math mode on input line 79.


LaTeX Warning: Command \textless invalid in math mode on input line 84.


LaTeX Warning: Command \textless invalid in math mode on input line 84.


LaTeX Warning: Command \textgreater invalid in math mode on input line 84.


LaTeX Warning: Command \textgreater invalid in math mode on input line 84.


Overfull \hbox (2.82661pt too wide) in paragraph at lines 93--94
[] $\OML/cmm/m/it/8.5 c \OMS/cmsy/m/n/8.5   \OML/cmm/m/it/8.5 max\OMS/cmsy/m/n/
8.5 f\OML/cmm/m/it/8.5 core[]\OT1/cmr/m/n/8.5 [\OML/cmm/m/it/8.5 G[]\OT1/cmr/m/
n/8.5 [\OML/cmm/m/it/8.5 S[]\OT1/cmr/m/n/8.5 ]]\OML/cmm/m/it/8.5 ; core[]\OT1/c
mr/m/n/8.5 [\OML/cmm/m/it/8.5 G[]\OT1/cmr/m/n/8.5 [\OML/cmm/m/it/8.5 S[]\OT1/cm
r/m/n/8.5 ]]\OMS/cmsy/m/n/8.5 g$\OT1/ptm/m/n/8.5 ; 
 []


LaTeX Warning: Command \textless invalid in math mode on input line 94.


LaTeX Warning: Command \textless invalid in math mode on input line 94.


LaTeX Warning: Command \textgreater invalid in math mode on input line 94.


LaTeX Warning: Command \textgreater invalid in math mode on input line 94.


LaTeX Warning: `h' float specifier changed to `ht'.

[9 <C:/Users/Admin/Dropbox/ACQ/vldbj/figures/advancedIndex.pdf>]
Overfull \hbox (7.29425pt too wide) in paragraph at lines 132--133
[]\OT1/ptm/m/n/10 Based on Lem-ma []4[], we in-tro-duce a new al-go-rith-m \OT1
/pcr/m/n/10 Inc-T\OT1/ptm/m/n/10 .
 []


LaTeX Warning: `h' float specifier changed to `ht'.


Overfull \hbox (0.42493pt too wide) in paragraph at lines 183--188
[]\OT1/ptm/m/n/10 Continue the graph and query ($\OML/cmm/m/it/10 q$\OT1/ptm/m/
n/10 =$\OML/cmm/m/it/10 A$\OT1/ptm/m/n/10 , $\OML/cmm/m/it/10 k$\OT1/ptm/m/n/10
 =1, $\OML/cmm/m/it/10 S$\OT1/ptm/m/n/10 =$\OMS/cmsy/m/n/10 f\OML/cmm/m/it/10 w
$\OT1/ptm/m/n/10 ,
 []

) (C:\Users\Admin\Dropbox\ACQ\vldbj\query2.tex
Overfull \hbox (2.5939pt too wide) in paragraph at lines 4--7
[]\OT1/ptm/m/n/10 The decre-men-tal al-go-rith-m, de-not-ed by \OT1/pcr/m/n/10 
Dec\OT1/ptm/m/n/10 , d-if-fer-s from
 []

[10]

pdfTeX warning: (null) (file C:/Users/Admin/Dropbox/ACQ/vldbj/figures/nghGraph.
pdf): PDF inclusion: found PDF version <1.6>, but at most version <1.5> allowed

<figures/nghGraph.pdf, id=3445, 186.14905pt x 81.46837pt>
File: figures/nghGraph.pdf Graphic file (type pdf)

<use figures/nghGraph.pdf>

pdfTeX warning: (null) (file C:/Users/Admin/Dropbox/ACQ/vldbj/figures/nghCand.p
df): PDF inclusion: found PDF version <1.6>, but at most version <1.5> allowed
<figures/nghCand.pdf, id=3446, 124.93275pt x 78.22424pt>
File: figures/nghCand.pdf Graphic file (type pdf)

<use figures/nghCand.pdf>))
Overfull \hbox (1.39429pt too wide) in paragraph at lines 90--101
[]\OT1/ptm/m/n/10 Based on the above dis-cus-sion-s, we de-sign \OT1/pcr/m/n/10
 Dec \OT1/ptm/m/n/10 as shown
 []

(C:\Users\Admin\Dropbox\ACQ\vldbj\indexMaintenance.tex
(C:\Users\Admin\Dropbox\ACQ\vldbj\insertEdge.tex [11 <C:/Users/Admin/Dropbox/AC
Q/vldbj/figures/nghGraph.pdf> <C:/Users/Admin/Dropbox/ACQ/vldbj/figures/nghCand
.pdf>]

pdfTeX warning: (null) (file C:/Users/Admin/Dropbox/ACQ/vldbj/figures/movedownE
xmp.pdf): PDF inclusion: found PDF version <1.6>, but at most version <1.5> all
owed
<figures/movedownExmp.pdf, id=3725, 256.95198pt x 331.45833pt>
File: figures/movedownExmp.pdf Graphic file (type pdf)

<use figures/movedownExmp.pdf>

pdfTeX warning: (null) (file C:/Users/Admin/Dropbox/ACQ/vldbj/figures/connectiv
eExmp.pdf): PDF inclusion: found PDF version <1.6>, but at most version <1.5> a
llowed
<figures/connectiveExmp.pdf, id=3726, 298.60861pt x 376.46648pt>
File: figures/connectiveExmp.pdf Graphic file (type pdf)

<use figures/connectiveExmp.pdf>

pdfTeX warning: (null) (file C:/Users/Admin/Dropbox/ACQ/vldbj/figures/movedownE
mp.pdf): PDF inclusion: found PDF version <1.6>, but at most version <1.5> allo
wed
<figures/movedownEmp.pdf, id=3740, 689.85341pt x 617.58733pt>
File: figures/movedownEmp.pdf Graphic file (type pdf)

<use figures/movedownEmp.pdf>
Overfull \hbox (9.55696pt too wide) in paragraph at lines 76--77
 [][] 
 []


LaTeX Warning: Command \textgreater invalid in math mode on input line 97.


LaTeX Warning: Command \textgreater invalid in math mode on input line 97.

[12 <C:/Users/Admin/Dropbox/ACQ/vldbj/figures/movedownExmp.pdf> <C:/Users/Admin
/Dropbox/ACQ/vldbj/figures/connectiveExmp.pdf> <C:/Users/Admin/Dropbox/ACQ/vldb
j/figures/movedownEmp.pdf>]

LaTeX Warning: Command \textgreater invalid in math mode on input line 158.


LaTeX Warning: Command \textgreater invalid in math mode on input line 158.


Underfull \vbox (badness 1337) has occurred while \output is active []

)
(C:\Users\Admin\Dropbox\ACQ\vldbj\deleteEdge.tex [13]

pdfTeX warning: (null) (file C:/Users/Admin/Dropbox/ACQ/vldbj/figures/traceChil
d.pdf): PDF inclusion: found PDF version <1.6>, but at most version <1.5> allow
ed
<figures/traceChild.pdf, id=5205, 387.62918pt x 134.46236pt>
File: figures/traceChild.pdf Graphic file (type pdf)

<use figures/traceChild.pdf>

LaTeX Warning: Command \textgreater invalid in math mode on input line 61.


LaTeX Warning: Command \textgreater invalid in math mode on input line 61.



pdfTeX warning: (null) (file C:/Users/Admin/Dropbox/ACQ/vldbj/figures/steps.pdf
): PDF inclusion: found PDF version <1.6>, but at most version <1.5> allowed
<figures/steps.pdf, id=5208, 662.60146pt x 233.56963pt>
File: figures/steps.pdf Graphic file (type pdf)

<use figures/steps.pdf> [14 <C:/Users/Admin/Dropbox/ACQ/vldbj/figures/traceChil
d.pdf> <C:/Users/Admin/Dropbox/ACQ/vldbj/figures/steps.pdf>]

LaTeX Warning: `h' float specifier changed to `ht'.

)) (C:\Users\Admin\Dropbox\ACQ\vldbj\variant.tex
Overfull \hbox (3.5855pt too wide) in paragraph at lines 37--41
\OT1/pcr/m/n/10 basic-g \OT1/ptm/m/n/10 and \OT1/pcr/m/n/10 basic-w\OT1/ptm/m/n
/10 , and are de-not-ed by \OT1/pcr/m/n/10 basic-g-v1
 []


Overfull \hbox (2.5768pt too wide) in paragraph at lines 42--48
\OT1/ptm/m/n/10 ap-ply \OT1/pcr/m/n/10 core-locating \OT1/ptm/m/n/10 to find n-
ode $\OML/cmm/m/it/10 r[]$\OT1/ptm/m/n/10 , whose cor-re-spond-
 []


LaTeX Warning: `h' float specifier changed to `ht'.

[15]
Overfull \hbox (2.15446pt too wide) in paragraph at lines 86--88
[]\OT1/ptm/m/n/10 In Fig-ure []3(a)[], let $\OML/cmm/m/it/10 Q$\OT1/ptm/m/n/10 
=$\OMS/cmsy/m/n/10 f\OML/cmm/m/it/10 A; C\OMS/cmsy/m/n/10 g$ \OT1/ptm/m/n/10 an
d $\OML/cmm/m/it/10 k$\OT1/ptm/m/n/10 =2. If $\OML/cmm/m/it/10 S$\OT1/ptm/m/n/1
0 =$\OMS/cmsy/m/n/10 f\OML/cmm/m/it/10 w$\OT1/ptm/m/n/10 ,
 []

) (C:\Users\Admin\Dropbox\ACQ\vldbj\experiment.tex
(C:\Users\Admin\Dropbox\ACQ\vldbj\setup.tex
Underfull \hbox (badness 10000) in paragraph at lines 8--8
[][][][]$\OT1/pcr/m/n/8.5 http : / / www . kddcup2012 . org / c /
 []


Overfull \hbox (7.563pt too wide) in paragraph at lines 4--10
[]\OT1/ptm/m/n/10 We con-sid-er six re-al dataset-s. The first four dataset-s (
Flick-
 []

LaTeX Font Info:    Font shape `OT1/ptm/bx/it' in size <8.5> not available
(Font)              Font shape `OT1/ptm/b/it' tried instead on input line 32.
[16]) (C:\Users\Admin\Dropbox\ACQ\vldbj\effectiveness.tex

LaTeX Font Warning: Command \small invalid in math mode on input line 16.


LaTeX Font Warning: Command \small invalid in math mode on input line 25.


Overfull \hbox (12.23022pt too wide) detected at line 28
$\OML/cmm/m/it/10 CPJ\OT1/cmr/m/n/10 (\OML/cmm/m/it/10 C\OT1/cmr/m/n/10 (\OML/c
mm/m/it/10 q\OT1/cmr/m/n/10 )) = [] [] []$  
 []



pdfTeX warning: (null) (file C:/Users/Admin/Dropbox/ACQ/vldbj/figures/cmf-share
.pdf): PDF inclusion: found PDF version <1.6>, but at most version <1.5> allowe
d
<figures/cmf-share.pdf, id=6402, 230.93578pt x 162.27928pt>
File: figures/cmf-share.pdf Graphic file (type pdf)

<use figures/cmf-share.pdf>

pdfTeX warning: (null) (file C:/Users/Admin/Dropbox/ACQ/vldbj/figures/cpj-share
.pdf): PDF inclusion: found PDF version <1.6>, but at most version <1.5> allowe
d
<figures/cpj-share.pdf, id=6403, 229.95009pt x 161.95004pt>
File: figures/cpj-share.pdf Graphic file (type pdf)

<use figures/cpj-share.pdf>
Overfull \hbox (1.39308pt too wide) in paragraph at lines 55--58
\OT1/ptm/m/n/10 com-pare them us-ing this met-ric. We in-tu-itive-ly com-pare t
heir
 []

[17 <C:/Users/Admin/Dropbox/ACQ/vldbj/figures/cmf-share.pdf> <C:/Users/Admin/Dr
opbox/ACQ/vldbj/figures/cpj-share.pdf>]

LaTeX Warning: No positions in optional float specifier.
               Default added (so using `tbp') on input line 59.

<figures/cmfCOD.pdf, id=6431, 231.92046pt x 161.62183pt>
File: figures/cmfCOD.pdf Graphic file (type pdf)

<use figures/cmfCOD.pdf>
<figures/cpjCOD.pdf, id=6432, 232.57791pt x 160.63612pt>
File: figures/cpjCOD.pdf Graphic file (type pdf)

<use figures/cpjCOD.pdf>
<figures/avgDegCOD.pdf, id=6433, 231.263pt x 157.02264pt>
File: figures/avgDegCOD.pdf Graphic file (type pdf)

<use figures/avgDegCOD.pdf>

pdfTeX warning: (null) (file C:/Users/Admin/Dropbox/ACQ/vldbj/figures/deg6COD.p
df): PDF inclusion: found PDF version <1.6>, but at most version <1.5> allowed
<figures/deg6COD.pdf, id=6434, 308.47485pt x 208.11879pt>
File: figures/deg6COD.pdf Graphic file (type pdf)

<use figures/deg6COD.pdf>
Overfull \hbox (2.42397pt too wide) in paragraph at lines 92--95
\OT1/ptm/m/n/10 men-t t-wo state-of-the-art meth-od-s: \OT1/pcr/m/n/10 Global \
OT1/ptm/m/n/10 [[]] and \OT1/pcr/m/n/10 Local
 []

<figures/cmf.pdf, id=6440, 230.93578pt x 162.93674pt>
File: figures/cmf.pdf Graphic file (type pdf)
 <use figures/cmf.pdf>
<figures/cpj.pdf, id=6441, 231.263pt x 163.59317pt>
File: figures/cpj.pdf Graphic file (type pdf)
 <use figures/cpj.pdf>

pdfTeX warning: (null) (file C:/Users/Admin/Dropbox/ACQ/vldbj/figures/jiawei1.p
df): PDF inclusion: found PDF version <1.6>, but at most version <1.5> allowed
<figures/jiawei1.pdf, id=6447, 262.69542pt x 153.3178pt>
File: figures/jiawei1.pdf Graphic file (type pdf)

<use figures/jiawei1.pdf>

pdfTeX warning: (null) (file C:/Users/Admin/Dropbox/ACQ/vldbj/figures/jiawei2.p
df): PDF inclusion: found PDF version <1.6>, but at most version <1.5> allowed
<figures/jiawei2.pdf, id=6448, 263.45726pt x 156.36417pt>
File: figures/jiawei2.pdf Graphic file (type pdf)

<use figures/jiawei2.pdf>
Underfull \hbox (badness 10000) in paragraph at lines 136--136
[]\OT1/ptm/m/n/8.5 (b) $\OMS/cmsy/m/n/8.5 f$\OT1/ptm/m/n/8.5 mine, da-ta, pat-t
ern,
 []

<figures/jim-mf.pdf, id=6449, 231.92046pt x 159.65144pt>
File: figures/jim-mf.pdf Graphic file (type pdf)

<use figures/jim-mf.pdf>
<figures/jiawei-mf.pdf, id=6450, 231.92046pt x 159.97969pt>
File: figures/jiawei-mf.pdf Graphic file (type pdf)

<use figures/jiawei-mf.pdf> [18 <C:/Users/Admin/Dropbox/ACQ/vldbj/figures/cmfCO
D.pdf> <C:/Users/Admin/Dropbox/ACQ/vldbj/figures/cpjCOD.pdf> <C:/Users/Admin/Dr
opbox/ACQ/vldbj/figures/avgDegCOD.pdf> <C:/Users/Admin/Dropbox/ACQ/vldbj/figure
s/deg6COD.pdf> <C:/Users/Admin/Dropbox/ACQ/vldbj/figures/cmf.pdf> <C:/Users/Adm
in/Dropbox/ACQ/vldbj/figures/cpj.pdf> <C:/Users/Admin/Dropbox/ACQ/vldbj/figures
/jiawei1.pdf> <C:/Users/Admin/Dropbox/ACQ/vldbj/figures/jiawei2.pdf> <C:/Users/
Admin/Dropbox/ACQ/vldbj/figures/jim-mf.pdf> <C:/Users/Admin/Dropbox/ACQ/vldbj/f
igures/jiawei-mf.pdf>]
<figures/jim-size.pdf, id=6761, 230.60654pt x 163.92142pt>
File: figures/jim-size.pdf Graphic file (type pdf)

<use figures/jim-size.pdf>
<figures/jiawei-size.pdf, id=6762, 229.62086pt x 162.6075pt>
File: figures/jiawei-size.pdf Graphic file (type pdf)

<use figures/jiawei-size.pdf>) (C:\Users\Admin\Dropbox\ACQ\vldbj\efficiency.tex


pdfTeX warning: (null) (file C:/Users/Admin/Dropbox/ACQ/vldbj/figures/flickr-in
dex.pdf): PDF inclusion: found PDF version <1.6>, but at most version <1.5> all
owed
<figures/flickr-index.pdf, id=6763, 231.9034pt x 187.59084pt>
File: figures/flickr-index.pdf Graphic file (type pdf)

<use figures/flickr-index.pdf>

pdfTeX warning: (null) (file C:/Users/Admin/Dropbox/ACQ/vldbj/figures/dblp-inde
x.pdf): PDF inclusion: found PDF version <1.6>, but at most version <1.5> allow
ed
<figures/dblp-index.pdf, id=6764, 230.82536pt x 194.47154pt>
File: figures/dblp-index.pdf Graphic file (type pdf)

<use figures/dblp-index.pdf>

pdfTeX warning: (null) (file C:/Users/Admin/Dropbox/ACQ/vldbj/figures/tencent-i
ndex.pdf): PDF inclusion: found PDF version <1.6>, but at most version <1.5> al
lowed
<figures/tencent-index.pdf, id=6765, 227.96367pt x 194.4836pt>
File: figures/tencent-index.pdf Graphic file (type pdf)

<use figures/tencent-index.pdf>

pdfTeX warning: (null) (file C:/Users/Admin/Dropbox/ACQ/vldbj/figures/dbpedia-i
ndex.pdf): PDF inclusion: found PDF version <1.6>, but at most version <1.5> al
lowed
<figures/dbpedia-index.pdf, id=6766, 231.26399pt x 193.8151pt>
File: figures/dbpedia-index.pdf Graphic file (type pdf)

<use figures/dbpedia-index.pdf>
<figures/flickrUpdate.pdf, id=6767, 236.42027pt x 194.50568pt>
File: figures/flickrUpdate.pdf Graphic file (type pdf)

<use figures/flickrUpdate.pdf>
<figures/dblpUpdate.pdf, id=6768, 239.04005pt x 194.50568pt>
File: figures/dblpUpdate.pdf Graphic file (type pdf)

<use figures/dblpUpdate.pdf>
<figures/tencentUpdate.pdf, id=6769, 240.34995pt x 196.47101pt>
File: figures/tencentUpdate.pdf Graphic file (type pdf)

<use figures/tencentUpdate.pdf>
<figures/dbpediaUpdate.pdf, id=6770, 242.96973pt x 195.16113pt>
File: figures/dbpediaUpdate.pdf Graphic file (type pdf)

<use figures/dbpediaUpdate.pdf>
<figures/flickrMix.pdf, id=6771, 239.80592pt x 198.41428pt>
File: figures/flickrMix.pdf Graphic file (type pdf)

<use figures/flickrMix.pdf>
<figures/dblpMix.pdf, id=6772, 243.8962pt x 197.26097pt>
File: figures/dblpMix.pdf Graphic file (type pdf)

<use figures/dblpMix.pdf>
<figures/tencentMix.pdf, id=6773, 240.68019pt x 197.79797pt>
File: figures/tencentMix.pdf Graphic file (type pdf)

<use figures/tencentMix.pdf>
<figures/dbpediaMix.pdf, id=6774, 239.60817pt x 195.11696pt>
File: figures/dbpediaMix.pdf Graphic file (type pdf)

<use figures/dbpediaMix.pdf>
<figures/DynamicFlickr.pdf, id=6775, 243.3602pt x 195.11696pt>
File: figures/DynamicFlickr.pdf Graphic file (type pdf)

<use figures/DynamicFlickr.pdf>
Overfull \hbox (11.38136pt too wide) in paragraph at lines 92--93
[][] 
 []

<figures/DynamicYoutube.pdf, id=6776, 241.75218pt x 198.86897pt>
File: figures/DynamicYoutube.pdf Graphic file (type pdf)

<use figures/DynamicYoutube.pdf>
Overfull \hbox (11.38136pt too wide) in paragraph at lines 96--97
[][] 
 []



pdfTeX warning: (null) (file C:/Users/Admin/Dropbox/ACQ/vldbj/figures/flickr-co
mp.pdf): PDF inclusion: found PDF version <1.6>, but at most version <1.5> allo
wed
<figures/flickr-comp.pdf, id=6777, 230.60654pt x 185.93063pt>
File: figures/flickr-comp.pdf Graphic file (type pdf)

<use figures/flickr-comp.pdf>

pdfTeX warning: (null) (file C:/Users/Admin/Dropbox/ACQ/vldbj/figures/dblp-comp
.pdf): PDF inclusion: found PDF version <1.6>, but at most version <1.5> allowe
d
<figures/dblp-comp.pdf, id=6778, 231.41055pt x 181.68277pt>
File: figures/dblp-comp.pdf Graphic file (type pdf)

<use figures/dblp-comp.pdf>

pdfTeX warning: (null) (file C:/Users/Admin/Dropbox/ACQ/vldbj/figures/tencent-c
omp.pdf): PDF inclusion: found PDF version <1.6>, but at most version <1.5> all
owed
<figures/tencent-comp.pdf, id=6779, 230.93477pt x 185.93063pt>
File: figures/tencent-comp.pdf Graphic file (type pdf)

<use figures/tencent-comp.pdf>

pdfTeX warning: (null) (file C:/Users/Admin/Dropbox/ACQ/vldbj/figures/dbpedia-c
omp.pdf): PDF inclusion: found PDF version <1.6>, but at most version <1.5> all
owed
<figures/dbpedia-comp.pdf, id=6780, 231.50891pt x 184.10884pt>
File: figures/dbpedia-comp.pdf Graphic file (type pdf)

<use figures/dbpedia-comp.pdf>

pdfTeX warning: (null) (file C:/Users/Admin/Dropbox/ACQ/vldbj/figures/flickr-k.
pdf): PDF inclusion: found PDF version <1.6>, but at most version <1.5> allowed

<figures/flickr-k.pdf, id=6781, 230.93578pt x 190.85805pt>
File: figures/flickr-k.pdf Graphic file (type pdf)

<use figures/flickr-k.pdf>

pdfTeX warning: (null) (file C:/Users/Admin/Dropbox/ACQ/vldbj/figures/dblp-k.pd
f): PDF inclusion: found PDF version <1.6>, but at most version <1.5> allowed
<figures/dblp-k.pdf, id=6782, 231.50891pt x 182.61223pt>
File: figures/dblp-k.pdf Graphic file (type pdf)

<use figures/dblp-k.pdf>

pdfTeX warning: (null) (file C:/Users/Admin/Dropbox/ACQ/vldbj/figures/tencent-k
.pdf): PDF inclusion: found PDF version <1.6>, but at most version <1.5> allowe
d
<figures/tencent-k.pdf, id=6783, 230.60754pt x 183.30281pt>
File: figures/tencent-k.pdf Graphic file (type pdf)

<use figures/tencent-k.pdf>

pdfTeX warning: (null) (file C:/Users/Admin/Dropbox/ACQ/vldbj/figures/dbpedia-k
.pdf): PDF inclusion: found PDF version <1.6>, but at most version <1.5> allowe
d
<figures/dbpedia-k.pdf, id=6784, 229.29263pt x 182.97359pt>
File: figures/dbpedia-k.pdf Graphic file (type pdf)

<use figures/dbpedia-k.pdf>

pdfTeX warning: (null) (file C:/Users/Admin/Dropbox/ACQ/vldbj/figures/flickr-ke
yword.pdf): PDF inclusion: found PDF version <1.6>, but at most version <1.5> a
llowed
<figures/flickr-keyword.pdf, id=6785, 230.27832pt x 186.91632pt>
File: figures/flickr-keyword.pdf Graphic file (type pdf)

<use figures/flickr-keyword.pdf>

pdfTeX warning: (null) (file C:/Users/Admin/Dropbox/ACQ/vldbj/figures/dblp-keyw
ord.pdf): PDF inclusion: found PDF version <1.6>, but at most version <1.5> all
owed
<figures/dblp-keyword.pdf, id=6786, 231.263pt x 188.77728pt>
File: figures/dblp-keyword.pdf Graphic file (type pdf)

<use figures/dblp-keyword.pdf>

pdfTeX warning: (null) (file C:/Users/Admin/Dropbox/ACQ/vldbj/figures/tencent-k
eyword.pdf): PDF inclusion: found PDF version <1.6>, but at most version <1.5> 
allowed
<figures/tencent-keyword.pdf, id=6787, 230.60654pt x 187.24454pt>
File: figures/tencent-keyword.pdf Graphic file (type pdf)

<use figures/tencent-keyword.pdf>

pdfTeX warning: (null) (file C:/Users/Admin/Dropbox/ACQ/vldbj/figures/dbpedia-k
eyword.pdf): PDF inclusion: found PDF version <1.6>, but at most version <1.5> 
allowed
<figures/dbpedia-keyword.pdf, id=6788, 231.41055pt x 184.63681pt>
File: figures/dbpedia-keyword.pdf Graphic file (type pdf)

<use figures/dbpedia-keyword.pdf>
File: figures/flickr-keyword.pdf Graphic file (type pdf)
 <use figures/flickr-keyword.pdf>
File: figures/dblp-keyword.pdf Graphic file (type pdf)

<use figures/dblp-keyword.pdf>
File: figures/tencent-keyword.pdf Graphic file (type pdf)
 <use figures/tencent-keyword.pdf>
File: figures/dbpedia-keyword.pdf Graphic file (type pdf)

<use figures/dbpedia-keyword.pdf>

pdfTeX warning: (null) (file C:/Users/Admin/Dropbox/ACQ/vldbj/figures/flickr-s.
pdf): PDF inclusion: found PDF version <1.6>, but at most version <1.5> allowed

<figures/flickr-s.pdf, id=6789, 230.27832pt x 184.61772pt>
File: figures/flickr-s.pdf Graphic file (type pdf)

<use figures/flickr-s.pdf>

pdfTeX warning: (null) (file C:/Users/Admin/Dropbox/ACQ/vldbj/figures/dblp-s.pd
f): PDF inclusion: found PDF version <1.6>, but at most version <1.5> allowed
<figures/dblp-s.pdf, id=6790, 264.9368pt x 219.03531pt>
File: figures/dblp-s.pdf Graphic file (type pdf)

<use figures/dblp-s.pdf>

pdfTeX warning: (null) (file C:/Users/Admin/Dropbox/ACQ/vldbj/figures/tencent-s
.pdf): PDF inclusion: found PDF version <1.6>, but at most version <1.5> allowe
d
<figures/tencent-s.pdf, id=6791, 230.60754pt x 184.94495pt>
File: figures/tencent-s.pdf Graphic file (type pdf)

<use figures/tencent-s.pdf>

pdfTeX warning: (null) (file C:/Users/Admin/Dropbox/ACQ/vldbj/figures/dbpedia-s
.pdf): PDF inclusion: found PDF version <1.6>, but at most version <1.5> allowe
d
<figures/dbpedia-s.pdf, id=6792, 230.82536pt x 186.14944pt>
File: figures/dbpedia-s.pdf Graphic file (type pdf)

<use figures/dbpedia-s.pdf>
Overfull \hbox (1.95407pt too wide) in paragraph at lines 248--257
\OT1/pcr/m/n/10 Basic-\OT1/ptm/m/n/10 . In ad-di-tion, we al-so run the CD meth
od \OT1/pcr/m/n/10 CODICIL\OT1/ptm/m/n/10 ,
 []


Overfull \hbox (3.54366pt too wide) in paragraph at lines 259--264
[]\OT1/ptm/b/n/10 2. In-dex Main-te-nance. \OT1/ptm/m/n/10 We first e-val-u-ate
 the per-for-mance
 []

[19 <C:/Users/Admin/Dropbox/ACQ/vldbj/figures/jim-size.pdf> <C:/Users/Admin/Dro
pbox/ACQ/vldbj/figures/jiawei-size.pdf>]
Overfull \hbox (1.2039pt too wide) in paragraph at lines 275--279
[]\OT1/ptm/m/n/10 The re-sult-s on re-al dy-nam-ic graph-s (D-Flick-r and Y-out
ube
 []


Underfull \vbox (badness 1484) has occurred while \output is active []

 [20 <C:/Users/Admin/Dropbox/ACQ/vldbj/figures/flickr-index.pdf> <C:/Users/Admi
n/Dropbox/ACQ/vldbj/figures/dblp-index.pdf> <C:/Users/Admin/Dropbox/ACQ/vldbj/f
igures/tencent-index.pdf> <C:/Users/Admin/Dropbox/ACQ/vldbj/figures/dbpedia-ind
ex.pdf> <C:/Users/Admin/Dropbox/ACQ/vldbj/figures/flickrUpdate.pdf> <C:/Users/A
dmin/Dropbox/ACQ/vldbj/figures/dblpUpdate.pdf> <C:/Users/Admin/Dropbox/ACQ/vldb
j/figures/tencentUpdate.pdf> <C:/Users/Admin/Dropbox/ACQ/vldbj/figures/dbpediaU
pdate.pdf> <C:/Users/Admin/Dropbox/ACQ/vldbj/figures/flickrMix.pdf> <C:/Users/A
dmin/Dropbox/ACQ/vldbj/figures/dblpMix.pdf> <C:/Users/Admin/Dropbox/ACQ/vldbj/f
igures/tencentMix.pdf> <C:/Users/Admin/Dropbox/ACQ/vldbj/figures/dbpediaMix.pdf
> <C:/Users/Admin/Dropbox/ACQ/vldbj/figures/DynamicFlickr.pdf> <C:/Users/Admin/
Dropbox/ACQ/vldbj/figures/DynamicYoutube.pdf>]
<figures/flickrInverted.pdf, id=6872, 232.5769pt x 190.20158pt>
File: figures/flickrInverted.pdf Graphic file (type pdf)

<use figures/flickrInverted.pdf>
<figures/dblpInverted.pdf, id=6873, 233.01454pt x 191.84372pt>
File: figures/dblpInverted.pdf Graphic file (type pdf)

<use figures/dblpInverted.pdf>
<figures/tencentInverted.pdf, id=6874, 231.263pt x 189.54413pt>
File: figures/tencentInverted.pdf Graphic file (type pdf)

<use figures/tencentInverted.pdf>
<figures/dbpediaInverted.pdf, id=6875, 233.89081pt x 185.71182pt>
File: figures/dbpediaInverted.pdf Graphic file (type pdf)

<use figures/dbpediaInverted.pdf>
<figures/flickrDecComp.pdf, id=6876, 232.39522pt x 186.60616pt>
File: figures/flickrDecComp.pdf Graphic file (type pdf)

<use figures/flickrDecComp.pdf>
<figures/dblpDecComp.pdf, id=6877, 232.5769pt x 187.46336pt>
File: figures/dblpDecComp.pdf Graphic file (type pdf)

<use figures/dblpDecComp.pdf>
<figures/tencentDecComp.pdf, id=6878, 230.93477pt x 185.93164pt>
File: figures/tencentDecComp.pdf Graphic file (type pdf)

<use figures/tencentDecComp.pdf>
<figures/dbpediaDecComp.pdf, id=6879, 233.45317pt x 183.083pt>
File: figures/dbpediaDecComp.pdf Graphic file (type pdf)

<use figures/dbpediaDecComp.pdf>
<figures/flickrv1.pdf, id=6880, 239.60817pt x 191.90094pt>
File: figures/flickrv1.pdf Graphic file (type pdf)

<use figures/flickrv1.pdf>
Overfull \hbox (11.38136pt too wide) in paragraph at lines 385--386
[][] 
 []

<figures/dblpv1.pdf, id=6881, 239.07217pt x 193.50894pt>
File: figures/dblpv1.pdf Graphic file (type pdf)

<use figures/dblpv1.pdf>
Overfull \hbox (11.38136pt too wide) in paragraph at lines 389--390
[][] 
 []

<figures/tencentv1.pdf, id=6882, 241.75218pt x 194.04495pt>
File: figures/tencentv1.pdf Graphic file (type pdf)

<use figures/tencentv1.pdf>
Overfull \hbox (11.38136pt too wide) in paragraph at lines 393--394
[][] 
 []

<figures/dbpediav1.pdf, id=6883, 240.14417pt x 194.04495pt>
File: figures/dbpediav1.pdf Graphic file (type pdf)

<use figures/dbpediav1.pdf>
Overfull \hbox (11.38136pt too wide) in paragraph at lines 397--398
[][] 
 []

<figures/flickrv2.pdf, id=6884, 236.92816pt x 192.97295pt>
File: figures/flickrv2.pdf Graphic file (type pdf)

<use figures/flickrv2.pdf>
Overfull \hbox (11.38136pt too wide) in paragraph at lines 409--410
[][] 
 []

<figures/dblpv2.pdf, id=6885, 235.85616pt x 194.04495pt>
File: figures/dblpv2.pdf Graphic file (type pdf)

<use figures/dblpv2.pdf>
Overfull \hbox (11.38136pt too wide) in paragraph at lines 413--414
[][] 
 []

<figures/tencentv2.pdf, id=6886, 236.92816pt x 195.11696pt>
File: figures/tencentv2.pdf Graphic file (type pdf)

<use figures/tencentv2.pdf>
Overfull \hbox (11.38136pt too wide) in paragraph at lines 417--418
[][] 
 []

<figures/dbpediav2.pdf, id=6887, 240.68019pt x 195.65295pt>
File: figures/dbpediav2.pdf Graphic file (type pdf)

<use figures/dbpediav2.pdf>
Overfull \hbox (11.38136pt too wide) in paragraph at lines 421--422
[][] 
 []


Overfull \hbox (12.30457pt too wide) in paragraph at lines 444--446
[]\OT1/ptm/b/n/10 9. Non-attributed graph-s. \OT1/ptm/m/n/10 We have test-ed \O
T1/pcr/m/n/10 Dec \OT1/ptm/m/n/10 and \OT1/pcr/m/n/10 Local
 []


Underfull \vbox (badness 10000) has occurred while \output is active []

 [21 <C:/Users/Admin/Dropbox/ACQ/vldbj/figures/flickr-comp.pdf> <C:/Users/Admin
/Dropbox/ACQ/vldbj/figures/dblp-comp.pdf> <C:/Users/Admin/Dropbox/ACQ/vldbj/fig
ures/tencent-comp.pdf> <C:/Users/Admin/Dropbox/ACQ/vldbj/figures/dbpedia-comp.p
df> <C:/Users/Admin/Dropbox/ACQ/vldbj/figures/flickr-k.pdf> <C:/Users/Admin/Dro
pbox/ACQ/vldbj/figures/dblp-k.pdf> <C:/Users/Admin/Dropbox/ACQ/vldbj/figures/te
ncent-k.pdf> <C:/Users/Admin/Dropbox/ACQ/vldbj/figures/dbpedia-k.pdf> <C:/Users
/Admin/Dropbox/ACQ/vldbj/figures/flickr-keyword.pdf> <C:/Users/Admin/Dropbox/AC
Q/vldbj/figures/dblp-keyword.pdf> <C:/Users/Admin/Dropbox/ACQ/vldbj/figures/ten
cent-keyword.pdf> <C:/Users/Admin/Dropbox/ACQ/vldbj/figures/dbpedia-keyword.pdf
> <C:/Users/Admin/Dropbox/ACQ/vldbj/figures/flickr-s.pdf> <C:/Users/Admin/Dropb
ox/ACQ/vldbj/figures/dblp-s.pdf> <C:/Users/Admin/Dropbox/ACQ/vldbj/figures/tenc
ent-s.pdf> <C:/Users/Admin/Dropbox/ACQ/vldbj/figures/dbpedia-s.pdf>]
Underfull \vbox (badness 10000) has occurred while \output is active []

))
(C:\Users\Admin\Dropbox\ACQ\vldbj\conclude.tex
Underfull \vbox (badness 10000) has occurred while \output is active []

 [22 <C:/Users/Admin/Dropbox/ACQ/vldbj/figures/flickrInverted.pdf> <C:/Users/Ad
min/Dropbox/ACQ/vldbj/figures/dblpInverted.pdf> <C:/Users/Admin/Dropbox/ACQ/vld
bj/figures/tencentInverted.pdf> <C:/Users/Admin/Dropbox/ACQ/vldbj/figures/dbped
iaInverted.pdf> <C:/Users/Admin/Dropbox/ACQ/vldbj/figures/flickrDecComp.pdf> <C
:/Users/Admin/Dropbox/ACQ/vldbj/figures/dblpDecComp.pdf> <C:/Users/Admin/Dropbo
x/ACQ/vldbj/figures/tencentDecComp.pdf> <C:/Users/Admin/Dropbox/ACQ/vldbj/figur
es/dbpediaDecComp.pdf> <C:/Users/Admin/Dropbox/ACQ/vldbj/figures/flickrv1.pdf> 
<C:/Users/Admin/Dropbox/ACQ/vldbj/figures/dblpv1.pdf> <C:/Users/Admin/Dropbox/A
CQ/vldbj/figures/tencentv1.pdf> <C:/Users/Admin/Dropbox/ACQ/vldbj/figures/dbped
iav1.pdf> <C:/Users/Admin/Dropbox/ACQ/vldbj/figures/flickrv2.pdf> <C:/Users/Adm
in/Dropbox/ACQ/vldbj/figures/dblpv2.pdf> <C:/Users/Admin/Dropbox/ACQ/vldbj/figu
res/tencentv2.pdf> <C:/Users/Admin/Dropbox/ACQ/vldbj/figures/dbpediav2.pdf>])
Overfull \hbox (2.09384pt too wide) in paragraph at lines 8--109
\OT1/ptm/m/n/10 AC. We will ex-am-ine how graph pat-tern match-ing tech-niques
 []

(C:\Users\Admin\Dropbox\ACQ\vldbj\ACQ.bbl) [23]
(C:\Users\Admin\Dropbox\ACQ\vldbj\appendix.tex
(C:\Users\Admin\Dropbox\ACQ\vldbj\app-proof.texpdfTeX warning (ext4): destinati
on with the same identifier (name{lemma.4}) has been already used, duplicate ig
nored
<to be read again> 
                   \relax 
l.12 \begin{lemma}
                  [Anti-monotonicity]pdfTeX warning (ext4): destination with th
e same identifier (name{lemma.5}) has been already used, duplicate ignored
<to be read again> 
                   \relax 
l.41 \begin{lemma}
                  
Overfull \hbox (22.34435pt too wide) in paragraph at lines 52--53
\OML/cmm/m/it/8.5 core[]\OT1/cmr/m/n/8.5 [\OML/cmm/m/it/8.5 G[]\OT1/cmr/m/n/8.5
 [\OML/cmm/m/it/8.5 S[]\OT1/cmr/m/n/8.5 ]]$ $\OMS/cmsy/m/n/8.5  \OML/cmm/m/it/
8.5 core[]\OT1/cmr/m/n/8.5 [\OML/cmm/m/it/8.5 G[]\OT1/cmr/m/n/8.5 [\OML/cmm/m/i
t/8.5 S[]\OT1/cmr/m/n/8.5 ]]$\OT1/ptm/m/n/8.5 . For the same rea-son, $\OML/cmm
/m/it/8.5 core[]\OT1/cmr/m/n/8.5 [\OML/cmm/m/it/8.5 G[]\OT1/cmr/m/n/8.5 [\OML/c
mm/m/it/8.5 S[]\OT1/cmr/m/n/8.5 ]] \OMS/cmsy/m/n/8.5 
 []

pdfTeX warning (ext4): destination with the same identifier (name{lemma.6}) has
 been already used, duplicate ignored
<to be read again> 
                   \relax 
l.57 \begin{lemma}
                  
Overfull \hbox (2.16286pt too wide) in paragraph at lines 59--61
[]\OT1/ptm/m/it/8.5 Given a con-nect-ed graph $\OML/cmm/m/it/8.5 G\OT1/cmr/m/n/
8.5 (\OML/cmm/m/it/8.5 V; E\OT1/cmr/m/n/8.5 )$ \OT1/ptm/m/it/8.5 with $\OML/cmm
/m/it/8.5 n$\OT1/ptm/m/it/8.5 =$\OMS/cmsy/m/n/8.5 j\OML/cmm/m/it/8.5 V\OMS/cmsy
/m/n/8.5 j$ \OT1/ptm/m/it/8.5 and $\OML/cmm/m/it/8.5 m$\OT1/ptm/m/it/8.5 =$\OMS
/cmsy/m/n/8.5 j\OML/cmm/m/it/8.5 E\OMS/cmsy/m/n/8.5 j$\OT1/ptm/m/it/8.5 ,
 []

pdfTeX warning (ext4): destination with the same identifier (name{lemma.7}) has
 been already used, duplicate ignored
<to be read again> 
                   \relax 
l.83 \begin{lemma}
                  ) (C:\Users\Admin\Dropbox\ACQ\vldbj\app-basic.tex)
(C:\Users\Admin\Dropbox\ACQ\vldbj\app-cand.tex
Underfull \vbox (badness 10000) has occurred while \output is active []

 [24

])
(C:\Users\Admin\Dropbox\ACQ\vldbj\app-auf.tex)
(C:\Users\Admin\Dropbox\ACQ\vldbj\algoOfVariant.tex)) [25]
Package atveryend Info: Empty hook `BeforeClearDocument' on input line 118.
Package atveryend Info: Empty hook `AfterLastShipout' on input line 118.

(C:\Users\Admin\Dropbox\ACQ\vldbj\ACQ.aux
(C:\Users\Admin\Dropbox\ACQ\vldbj\appendix.aux))
Package atveryend Info: Executing hook `AtVeryEndDocument' on input line 118.
Package rerunfilecheck Info: File `ACQ.out' has not changed.
(rerunfilecheck)             Checksum: 7711545C7E214218ECF2AFDDCE17E171;816.


LaTeX Font Warning: Size substitutions with differences
(Font)              up to 0.5pt have occurred.

 ) 
Here is how much of TeX's memory you used:
 8490 strings out of 495362
 128412 string characters out of 3184024
 231259 words of memory out of 3000000
 11111 multiletter control sequences out of 15000+200000
 35382 words of font info for 78 fonts, out of 3000000 for 9000
 14 hyphenation exceptions out of 8191
 33i,17n,33p,1399b,432s stack positions out of 5000i,500n,10000p,200000b,50000s
{C:/CTEX/MiKTeX/fonts/enc/dvips/fontname/8r.enc}<C:/CTEX/MiKTeX/fonts/type1/p
ublic/amsfonts/cm/cmbsy10.pfb><C:/CTEX/MiKTeX/fonts/type1/public/amsfonts/cm/cm
ex10.pfb><C:/CTEX/MiKTeX/fonts/type1/public/amsfonts/cmextra/cmex8.pfb><C:/CTEX
/MiKTeX/fonts/type1/public/amsfonts/cm/cmmi10.pfb><C:/CTEX/MiKTeX/fonts/type1/p
ublic/amsfonts/cm/cmmi5.pfb><C:/CTEX/MiKTeX/fonts/type1/public/amsfonts/cm/cmmi
7.pfb><C:/CTEX/MiKTeX/fonts/type1/public/amsfonts/cm/cmmi8.pfb><C:/CTEX/MiKTeX/
fonts/type1/public/amsfonts/cm/cmr10.pfb><C:/CTEX/MiKTeX/fonts/type1/public/ams
fonts/cm/cmr5.pfb><C:/CTEX/MiKTeX/fonts/type1/public/amsfonts/cm/cmr7.pfb><C:/C
TEX/MiKTeX/fonts/type1/public/amsfonts/cm/cmr8.pfb><C:/CTEX/MiKTeX/fonts/type1/
public/amsfonts/cm/cmsy10.pfb><C:/CTEX/MiKTeX/fonts/type1/public/amsfonts/cm/cm
sy5.pfb><C:/CTEX/MiKTeX/fonts/type1/public/amsfonts/cm/cmsy7.pfb><C:/CTEX/MiKTe
X/fonts/type1/public/amsfonts/cm/cmsy8.pfb><C:/CTEX/MiKTeX/fonts/type1/urw/cour
ier/ucrr8a.pfb><C:/CTEX/MiKTeX/fonts/type1/urw/times/utmb8a.pfb><C:/CTEX/MiKTeX
/fonts/type1/urw/times/utmr8a.pfb><C:/CTEX/MiKTeX/fonts/type1/urw/times/utmri8a
.pfb>
Output written on ACQ.pdf (25 pages, 7739215 bytes).
PDF statistics:
 7205 PDF objects out of 7423 (max. 8388607)
 215 named destinations out of 1000 (max. 500000)
 496 words of extra memory for PDF output out of 10000 (max. 10000000)

